[ 2023-01-01 15:06:21,134 ] 21 root - INFO - Exporting collection data as pandas dataframe
[ 2023-01-01 15:06:21,134 ] 21 root - INFO - Reading data from database: sensor and collection: sensor_data
[ 2023-01-01 15:11:23,264 ] 25 root - INFO - Found columns: Index(['_id', 'class', 'aa_000', 'ab_000', 'ac_000', 'ad_000', 'ae_000',
       'af_000', 'ag_000', 'ag_001',
       ...
       'ee_002', 'ee_003', 'ee_004', 'ee_005', 'ee_006', 'ee_007', 'ee_008',
       'ee_009', 'ef_000', 'eg_000'],
      dtype='object', length=172)
[ 2023-01-01 15:11:23,264 ] 27 root - INFO - Dropping column: _id 
[ 2023-01-01 15:11:24,166 ] 29 root - INFO - Row and columns in df: (108564, 171)
[ 2023-01-01 15:11:24,899 ] 28 root - INFO - Save data in feature store
[ 2023-01-01 15:11:27,234 ] 34 root - INFO - Create feature store folder if not available
[ 2023-01-01 15:11:27,235 ] 38 root - INFO - Save df to feature store folder
[ 2023-01-01 15:11:37,625 ] 43 root - INFO - split dataset into train and test set
[ 2023-01-01 15:11:40,084 ] 47 root - INFO - create dataset directory folder if not available
[ 2023-01-01 15:11:40,085 ] 52 root - INFO - Save df to feature store folder
[ 2023-01-01 15:11:49,195 ] 64 root - INFO - Data ingestion artifact: DataIngestionArtifact(feature_store_file_path='/home/dataguy/sensor_fault_detection/artifact/01012023__150621/data_ingestion/feature_store/sensor.csv', train_file_path='/home/dataguy/sensor_fault_detection/artifact/01012023__150621/data_ingestion/dataset/train.csv', test_file_path='/home/dataguy/sensor_fault_detection/artifact/01012023__150621/data_ingestion/dataset/test.csv')
[ 2023-01-01 15:11:51,338 ] 17 root - INFO - >>>>>>>>>>>>>>>>>>>>>>>>>>>>>>>>>>>>>>>> Data Validation <<<<<<<<<<<<<<<<<<<<<<<<<<<<<<<<<<<<<<<<
[ 2023-01-01 15:11:51,339 ] 103 root - INFO - Reading base dataframe
[ 2023-01-01 15:11:56,158 ] 106 root - INFO - Replace na value in base df
[ 2023-01-01 15:11:56,158 ] 108 root - INFO - Drop null values colums from base df
[ 2023-01-01 15:11:56,808 ] 38 root - INFO - selecting column name which contains null above to 0.7
[ 2023-01-01 15:11:56,809 ] 41 root - INFO - Columns to drop: ['ab_000', 'bn_000', 'bo_000', 'bp_000', 'bq_000', 'br_000', 'cr_000']
[ 2023-01-01 15:11:56,929 ] 111 root - INFO - Reading train dataframe
[ 2023-01-01 15:11:59,590 ] 113 root - INFO - Reading test dataframe
[ 2023-01-01 15:12:00,488 ] 116 root - INFO - Drop null values colums from train df
[ 2023-01-01 15:12:00,549 ] 38 root - INFO - selecting column name which contains null above to 0.7
[ 2023-01-01 15:12:00,550 ] 41 root - INFO - Columns to drop: ['ab_000', 'bn_000', 'bo_000', 'bp_000', 'bq_000', 'br_000', 'cr_000']
[ 2023-01-01 15:12:00,570 ] 118 root - INFO - Drop null values colums from test df
[ 2023-01-01 15:12:00,590 ] 38 root - INFO - selecting column name which contains null above to 0.7
[ 2023-01-01 15:12:00,591 ] 41 root - INFO - Columns to drop: ['ab_000', 'bn_000', 'bo_000', 'bp_000', 'bq_000', 'br_000', 'cr_000']
[ 2023-01-01 15:12:09,432 ] 127 root - INFO - Is all required columns present in train df
[ 2023-01-01 15:12:09,433 ] 129 root - INFO - Is all required columns present in test df
[ 2023-01-01 15:12:09,433 ] 133 root - INFO - As all column are available in train df hence detecting data drift
[ 2023-01-01 15:12:09,433 ] 81 root - INFO - Hypothesis class: object, object 
[ 2023-01-01 15:12:09,827 ] 81 root - INFO - Hypothesis aa_000: float64, float64 
[ 2023-01-01 15:12:10,049 ] 81 root - INFO - Hypothesis ac_000: float64, float64 
[ 2023-01-01 15:12:10,158 ] 81 root - INFO - Hypothesis ad_000: float64, float64 
[ 2023-01-01 15:12:10,260 ] 81 root - INFO - Hypothesis ae_000: float64, float64 
[ 2023-01-01 15:12:10,387 ] 81 root - INFO - Hypothesis af_000: float64, float64 
[ 2023-01-01 15:12:10,495 ] 81 root - INFO - Hypothesis ag_000: float64, float64 
[ 2023-01-01 15:12:10,611 ] 81 root - INFO - Hypothesis ag_001: float64, float64 
[ 2023-01-01 15:12:10,716 ] 81 root - INFO - Hypothesis ag_002: float64, float64 
[ 2023-01-01 15:12:10,815 ] 81 root - INFO - Hypothesis ag_003: float64, float64 
[ 2023-01-01 15:12:10,924 ] 81 root - INFO - Hypothesis ag_004: float64, float64 
[ 2023-01-01 15:12:10,959 ] 81 root - INFO - Hypothesis ag_005: float64, float64 
[ 2023-01-01 15:12:11,076 ] 81 root - INFO - Hypothesis ag_006: float64, float64 
[ 2023-01-01 15:12:11,191 ] 81 root - INFO - Hypothesis ag_007: float64, float64 
[ 2023-01-01 15:12:11,223 ] 81 root - INFO - Hypothesis ag_008: float64, float64 
[ 2023-01-01 15:12:11,351 ] 81 root - INFO - Hypothesis ag_009: float64, float64 
[ 2023-01-01 15:12:11,467 ] 81 root - INFO - Hypothesis ah_000: float64, float64 
[ 2023-01-01 15:12:11,502 ] 81 root - INFO - Hypothesis ai_000: float64, float64 
[ 2023-01-01 15:12:11,603 ] 81 root - INFO - Hypothesis aj_000: float64, float64 
[ 2023-01-01 15:12:11,734 ] 81 root - INFO - Hypothesis ak_000: float64, float64 
[ 2023-01-01 15:12:11,842 ] 81 root - INFO - Hypothesis al_000: float64, float64 
[ 2023-01-01 15:12:11,960 ] 81 root - INFO - Hypothesis am_0: float64, float64 
[ 2023-01-01 15:12:12,165 ] 81 root - INFO - Hypothesis an_000: float64, float64 
[ 2023-01-01 15:12:12,199 ] 81 root - INFO - Hypothesis ao_000: float64, float64 
[ 2023-01-01 15:12:12,235 ] 81 root - INFO - Hypothesis ap_000: float64, float64 
[ 2023-01-01 15:12:12,455 ] 81 root - INFO - Hypothesis aq_000: float64, float64 
[ 2023-01-01 15:12:12,489 ] 81 root - INFO - Hypothesis ar_000: float64, float64 
[ 2023-01-01 15:12:12,617 ] 81 root - INFO - Hypothesis as_000: float64, float64 
[ 2023-01-01 15:12:12,753 ] 81 root - INFO - Hypothesis at_000: float64, float64 
[ 2023-01-01 15:12:12,891 ] 81 root - INFO - Hypothesis au_000: float64, float64 
[ 2023-01-01 15:12:13,005 ] 81 root - INFO - Hypothesis av_000: float64, float64 
[ 2023-01-01 15:12:13,146 ] 81 root - INFO - Hypothesis ax_000: float64, float64 
[ 2023-01-01 15:12:13,180 ] 81 root - INFO - Hypothesis ay_000: float64, float64 
[ 2023-01-01 15:12:13,307 ] 81 root - INFO - Hypothesis ay_001: float64, float64 
[ 2023-01-01 15:12:13,439 ] 81 root - INFO - Hypothesis ay_002: float64, float64 
[ 2023-01-01 15:12:13,569 ] 81 root - INFO - Hypothesis ay_003: float64, float64 
[ 2023-01-01 15:12:13,701 ] 81 root - INFO - Hypothesis ay_004: float64, float64 
[ 2023-01-01 15:12:13,809 ] 81 root - INFO - Hypothesis ay_005: float64, float64 
[ 2023-01-01 15:12:13,934 ] 81 root - INFO - Hypothesis ay_006: float64, float64 
[ 2023-01-01 15:12:14,052 ] 81 root - INFO - Hypothesis ay_007: float64, float64 
[ 2023-01-01 15:12:14,175 ] 81 root - INFO - Hypothesis ay_008: float64, float64 
[ 2023-01-01 15:12:14,294 ] 81 root - INFO - Hypothesis ay_009: float64, float64 
[ 2023-01-01 15:12:14,395 ] 81 root - INFO - Hypothesis az_000: float64, float64 
[ 2023-01-01 15:12:14,510 ] 81 root - INFO - Hypothesis az_001: float64, float64 
[ 2023-01-01 15:12:14,642 ] 81 root - INFO - Hypothesis az_002: float64, float64 
[ 2023-01-01 15:12:14,763 ] 81 root - INFO - Hypothesis az_003: float64, float64 
[ 2023-01-01 15:12:14,892 ] 81 root - INFO - Hypothesis az_004: float64, float64 
[ 2023-01-01 15:12:14,927 ] 81 root - INFO - Hypothesis az_005: float64, float64 
[ 2023-01-01 15:12:15,062 ] 81 root - INFO - Hypothesis az_006: float64, float64 
[ 2023-01-01 15:12:15,093 ] 81 root - INFO - Hypothesis az_007: float64, float64 
[ 2023-01-01 15:12:15,198 ] 81 root - INFO - Hypothesis az_008: float64, float64 
[ 2023-01-01 15:12:15,308 ] 81 root - INFO - Hypothesis az_009: float64, float64 
[ 2023-01-01 15:12:15,434 ] 81 root - INFO - Hypothesis ba_000: float64, float64 
[ 2023-01-01 15:12:15,470 ] 81 root - INFO - Hypothesis ba_001: float64, float64 
[ 2023-01-01 15:12:15,585 ] 81 root - INFO - Hypothesis ba_002: float64, float64 
[ 2023-01-01 15:12:15,708 ] 81 root - INFO - Hypothesis ba_003: float64, float64 
[ 2023-01-01 15:12:15,824 ] 81 root - INFO - Hypothesis ba_004: float64, float64 
[ 2023-01-01 15:12:15,939 ] 81 root - INFO - Hypothesis ba_005: float64, float64 
[ 2023-01-01 15:12:16,058 ] 81 root - INFO - Hypothesis ba_006: float64, float64 
[ 2023-01-01 15:12:16,186 ] 81 root - INFO - Hypothesis ba_007: float64, float64 
[ 2023-01-01 15:12:16,219 ] 81 root - INFO - Hypothesis ba_008: float64, float64 
[ 2023-01-01 15:12:16,251 ] 81 root - INFO - Hypothesis ba_009: float64, float64 
[ 2023-01-01 15:12:16,369 ] 81 root - INFO - Hypothesis bb_000: float64, float64 
[ 2023-01-01 15:12:16,411 ] 81 root - INFO - Hypothesis bc_000: float64, float64 
[ 2023-01-01 15:12:16,542 ] 81 root - INFO - Hypothesis bd_000: float64, float64 
[ 2023-01-01 15:12:16,575 ] 81 root - INFO - Hypothesis be_000: float64, float64 
[ 2023-01-01 15:12:16,606 ] 81 root - INFO - Hypothesis bf_000: float64, float64 
[ 2023-01-01 15:12:16,715 ] 81 root - INFO - Hypothesis bg_000: float64, float64 
[ 2023-01-01 15:12:16,751 ] 81 root - INFO - Hypothesis bh_000: float64, float64 
[ 2023-01-01 15:12:16,789 ] 81 root - INFO - Hypothesis bi_000: float64, float64 
[ 2023-01-01 15:12:16,827 ] 81 root - INFO - Hypothesis bj_000: float64, float64 
[ 2023-01-01 15:12:16,865 ] 81 root - INFO - Hypothesis bk_000: float64, float64 
[ 2023-01-01 15:12:16,986 ] 81 root - INFO - Hypothesis bl_000: float64, float64 
[ 2023-01-01 15:12:17,101 ] 81 root - INFO - Hypothesis bm_000: float64, float64 
[ 2023-01-01 15:12:17,225 ] 81 root - INFO - Hypothesis bs_000: float64, float64 
[ 2023-01-01 15:12:17,261 ] 81 root - INFO - Hypothesis bt_000: float64, float64 
[ 2023-01-01 15:12:17,485 ] 81 root - INFO - Hypothesis bu_000: float64, float64 
[ 2023-01-01 15:12:17,724 ] 81 root - INFO - Hypothesis bv_000: float64, float64 
[ 2023-01-01 15:12:17,967 ] 81 root - INFO - Hypothesis bx_000: float64, float64 
[ 2023-01-01 15:12:18,098 ] 81 root - INFO - Hypothesis by_000: float64, float64 
[ 2023-01-01 15:12:18,240 ] 81 root - INFO - Hypothesis bz_000: float64, float64 
[ 2023-01-01 15:12:18,357 ] 81 root - INFO - Hypothesis ca_000: float64, float64 
[ 2023-01-01 15:12:18,484 ] 81 root - INFO - Hypothesis cb_000: float64, float64 
[ 2023-01-01 15:12:18,522 ] 81 root - INFO - Hypothesis cc_000: float64, float64 
[ 2023-01-01 15:12:18,640 ] 81 root - INFO - Hypothesis cd_000: float64, float64 
[ 2023-01-01 15:12:18,748 ] 81 root - INFO - Hypothesis ce_000: float64, float64 
[ 2023-01-01 15:12:18,782 ] 81 root - INFO - Hypothesis cf_000: float64, float64 
[ 2023-01-01 15:12:18,916 ] 81 root - INFO - Hypothesis cg_000: float64, float64 
[ 2023-01-01 15:12:19,057 ] 81 root - INFO - Hypothesis ch_000: float64, float64 
[ 2023-01-01 15:12:19,176 ] 81 root - INFO - Hypothesis ci_000: float64, float64 
[ 2023-01-01 15:12:19,211 ] 81 root - INFO - Hypothesis cj_000: float64, float64 
[ 2023-01-01 15:12:19,318 ] 81 root - INFO - Hypothesis ck_000: float64, float64 
[ 2023-01-01 15:12:19,502 ] 81 root - INFO - Hypothesis cl_000: float64, float64 
[ 2023-01-01 15:12:19,622 ] 81 root - INFO - Hypothesis cm_000: float64, float64 
[ 2023-01-01 15:12:19,869 ] 81 root - INFO - Hypothesis cn_000: float64, float64 
[ 2023-01-01 15:12:20,027 ] 81 root - INFO - Hypothesis cn_001: float64, float64 
[ 2023-01-01 15:12:20,140 ] 81 root - INFO - Hypothesis cn_002: float64, float64 
[ 2023-01-01 15:12:20,337 ] 81 root - INFO - Hypothesis cn_003: float64, float64 
[ 2023-01-01 15:12:20,449 ] 81 root - INFO - Hypothesis cn_004: float64, float64 
[ 2023-01-01 15:12:20,565 ] 81 root - INFO - Hypothesis cn_005: float64, float64 
[ 2023-01-01 15:12:20,678 ] 81 root - INFO - Hypothesis cn_006: float64, float64 
[ 2023-01-01 15:12:20,713 ] 81 root - INFO - Hypothesis cn_007: float64, float64 
[ 2023-01-01 15:12:20,826 ] 81 root - INFO - Hypothesis cn_008: float64, float64 
[ 2023-01-01 15:12:20,935 ] 81 root - INFO - Hypothesis cn_009: float64, float64 
[ 2023-01-01 15:12:21,051 ] 81 root - INFO - Hypothesis co_000: float64, float64 
[ 2023-01-01 15:12:21,160 ] 81 root - INFO - Hypothesis cp_000: float64, float64 
[ 2023-01-01 15:12:21,191 ] 81 root - INFO - Hypothesis cq_000: float64, float64 
[ 2023-01-01 15:12:21,410 ] 81 root - INFO - Hypothesis cs_000: float64, float64 
[ 2023-01-01 15:12:21,526 ] 81 root - INFO - Hypothesis cs_001: float64, float64 
[ 2023-01-01 15:12:21,743 ] 81 root - INFO - Hypothesis cs_002: float64, float64 
[ 2023-01-01 15:12:21,856 ] 81 root - INFO - Hypothesis cs_003: float64, float64 
[ 2023-01-01 15:12:21,972 ] 81 root - INFO - Hypothesis cs_004: float64, float64 
[ 2023-01-01 15:12:22,139 ] 81 root - INFO - Hypothesis cs_005: float64, float64 
[ 2023-01-01 15:12:22,261 ] 81 root - INFO - Hypothesis cs_006: float64, float64 
[ 2023-01-01 15:12:22,295 ] 81 root - INFO - Hypothesis cs_007: float64, float64 
[ 2023-01-01 15:12:22,330 ] 81 root - INFO - Hypothesis cs_008: float64, float64 
[ 2023-01-01 15:12:22,594 ] 81 root - INFO - Hypothesis cs_009: float64, float64 
[ 2023-01-01 15:12:22,704 ] 81 root - INFO - Hypothesis ct_000: float64, float64 
[ 2023-01-01 15:12:22,821 ] 81 root - INFO - Hypothesis cu_000: float64, float64 
[ 2023-01-01 15:12:22,943 ] 81 root - INFO - Hypothesis cv_000: float64, float64 
[ 2023-01-01 15:12:23,058 ] 81 root - INFO - Hypothesis cx_000: float64, float64 
[ 2023-01-01 15:12:23,170 ] 81 root - INFO - Hypothesis cy_000: float64, float64 
[ 2023-01-01 15:12:23,278 ] 81 root - INFO - Hypothesis cz_000: float64, float64 
[ 2023-01-01 15:12:23,381 ] 81 root - INFO - Hypothesis da_000: float64, float64 
[ 2023-01-01 15:12:23,491 ] 81 root - INFO - Hypothesis db_000: float64, float64 
[ 2023-01-01 15:12:23,602 ] 81 root - INFO - Hypothesis dc_000: float64, float64 
[ 2023-01-01 15:12:23,816 ] 81 root - INFO - Hypothesis dd_000: float64, float64 
[ 2023-01-01 15:12:23,850 ] 81 root - INFO - Hypothesis de_000: float64, float64 
[ 2023-01-01 15:12:23,881 ] 81 root - INFO - Hypothesis df_000: float64, float64 
[ 2023-01-01 15:12:23,985 ] 81 root - INFO - Hypothesis dg_000: float64, float64 
[ 2023-01-01 15:12:24,092 ] 81 root - INFO - Hypothesis dh_000: float64, float64 
[ 2023-01-01 15:12:24,206 ] 81 root - INFO - Hypothesis di_000: float64, float64 
[ 2023-01-01 15:12:24,334 ] 81 root - INFO - Hypothesis dj_000: float64, float64 
[ 2023-01-01 15:12:24,455 ] 81 root - INFO - Hypothesis dk_000: float64, float64 
[ 2023-01-01 15:12:24,572 ] 81 root - INFO - Hypothesis dl_000: float64, float64 
[ 2023-01-01 15:12:24,686 ] 81 root - INFO - Hypothesis dm_000: float64, float64 
[ 2023-01-01 15:12:24,796 ] 81 root - INFO - Hypothesis dn_000: float64, float64 
[ 2023-01-01 15:12:24,915 ] 81 root - INFO - Hypothesis do_000: float64, float64 
[ 2023-01-01 15:12:25,042 ] 81 root - INFO - Hypothesis dp_000: float64, float64 
[ 2023-01-01 15:12:25,184 ] 81 root - INFO - Hypothesis dq_000: float64, float64 
[ 2023-01-01 15:12:25,309 ] 81 root - INFO - Hypothesis dr_000: float64, float64 
[ 2023-01-01 15:12:25,442 ] 81 root - INFO - Hypothesis ds_000: float64, float64 
[ 2023-01-01 15:12:25,482 ] 81 root - INFO - Hypothesis dt_000: float64, float64 
[ 2023-01-01 15:12:25,520 ] 81 root - INFO - Hypothesis du_000: float64, float64 
[ 2023-01-01 15:12:25,565 ] 81 root - INFO - Hypothesis dv_000: float64, float64 
[ 2023-01-01 15:12:25,612 ] 81 root - INFO - Hypothesis dx_000: float64, float64 
[ 2023-01-01 15:12:25,765 ] 81 root - INFO - Hypothesis dy_000: float64, float64 
[ 2023-01-01 15:12:25,895 ] 81 root - INFO - Hypothesis dz_000: float64, float64 
[ 2023-01-01 15:12:26,032 ] 81 root - INFO - Hypothesis ea_000: float64, float64 
[ 2023-01-01 15:12:26,165 ] 81 root - INFO - Hypothesis eb_000: float64, float64 
[ 2023-01-01 15:12:26,292 ] 81 root - INFO - Hypothesis ec_00: float64, float64 
[ 2023-01-01 15:12:26,530 ] 81 root - INFO - Hypothesis ed_000: float64, float64 
[ 2023-01-01 15:12:26,644 ] 81 root - INFO - Hypothesis ee_000: float64, float64 
[ 2023-01-01 15:12:26,768 ] 81 root - INFO - Hypothesis ee_001: float64, float64 
[ 2023-01-01 15:12:26,883 ] 81 root - INFO - Hypothesis ee_002: float64, float64 
[ 2023-01-01 15:12:26,998 ] 81 root - INFO - Hypothesis ee_003: float64, float64 
[ 2023-01-01 15:12:27,107 ] 81 root - INFO - Hypothesis ee_004: float64, float64 
[ 2023-01-01 15:12:27,221 ] 81 root - INFO - Hypothesis ee_005: float64, float64 
[ 2023-01-01 15:12:27,338 ] 81 root - INFO - Hypothesis ee_006: float64, float64 
[ 2023-01-01 15:12:27,468 ] 81 root - INFO - Hypothesis ee_007: float64, float64 
[ 2023-01-01 15:12:27,596 ] 81 root - INFO - Hypothesis ee_008: float64, float64 
[ 2023-01-01 15:12:27,813 ] 81 root - INFO - Hypothesis ee_009: float64, float64 
[ 2023-01-01 15:12:27,842 ] 81 root - INFO - Hypothesis ef_000: float64, float64 
[ 2023-01-01 15:12:27,947 ] 81 root - INFO - Hypothesis eg_000: float64, float64 
[ 2023-01-01 15:12:28,054 ] 136 root - INFO - As all column are available in test df hence detecting data drift
[ 2023-01-01 15:12:28,054 ] 81 root - INFO - Hypothesis class: object, object 
[ 2023-01-01 15:12:28,256 ] 81 root - INFO - Hypothesis aa_000: float64, float64 
[ 2023-01-01 15:12:28,274 ] 81 root - INFO - Hypothesis ac_000: float64, float64 
[ 2023-01-01 15:12:28,290 ] 81 root - INFO - Hypothesis ad_000: float64, float64 
[ 2023-01-01 15:12:28,355 ] 81 root - INFO - Hypothesis ae_000: float64, float64 
[ 2023-01-01 15:12:28,423 ] 81 root - INFO - Hypothesis af_000: float64, float64 
[ 2023-01-01 15:12:28,489 ] 81 root - INFO - Hypothesis ag_000: float64, float64 
[ 2023-01-01 15:12:28,554 ] 81 root - INFO - Hypothesis ag_001: float64, float64 
[ 2023-01-01 15:12:28,623 ] 81 root - INFO - Hypothesis ag_002: float64, float64 
[ 2023-01-01 15:12:28,691 ] 81 root - INFO - Hypothesis ag_003: float64, float64 
[ 2023-01-01 15:12:28,705 ] 81 root - INFO - Hypothesis ag_004: float64, float64 
[ 2023-01-01 15:12:28,724 ] 81 root - INFO - Hypothesis ag_005: float64, float64 
[ 2023-01-01 15:12:28,742 ] 81 root - INFO - Hypothesis ag_006: float64, float64 
[ 2023-01-01 15:12:28,760 ] 81 root - INFO - Hypothesis ag_007: float64, float64 
[ 2023-01-01 15:12:28,776 ] 81 root - INFO - Hypothesis ag_008: float64, float64 
[ 2023-01-01 15:12:28,793 ] 81 root - INFO - Hypothesis ag_009: float64, float64 
[ 2023-01-01 15:12:28,809 ] 81 root - INFO - Hypothesis ah_000: float64, float64 
[ 2023-01-01 15:12:28,826 ] 81 root - INFO - Hypothesis ai_000: float64, float64 
[ 2023-01-01 15:12:28,898 ] 81 root - INFO - Hypothesis aj_000: float64, float64 
[ 2023-01-01 15:12:28,913 ] 81 root - INFO - Hypothesis ak_000: float64, float64 
[ 2023-01-01 15:12:28,985 ] 81 root - INFO - Hypothesis al_000: float64, float64 
[ 2023-01-01 15:12:29,001 ] 81 root - INFO - Hypothesis am_0: float64, float64 
[ 2023-01-01 15:12:29,017 ] 81 root - INFO - Hypothesis an_000: float64, float64 
[ 2023-01-01 15:12:29,035 ] 81 root - INFO - Hypothesis ao_000: float64, float64 
[ 2023-01-01 15:12:29,052 ] 81 root - INFO - Hypothesis ap_000: float64, float64 
[ 2023-01-01 15:12:29,071 ] 81 root - INFO - Hypothesis aq_000: float64, float64 
[ 2023-01-01 15:12:29,089 ] 81 root - INFO - Hypothesis ar_000: float64, float64 
[ 2023-01-01 15:12:29,159 ] 81 root - INFO - Hypothesis as_000: float64, float64 
[ 2023-01-01 15:12:29,225 ] 81 root - INFO - Hypothesis at_000: float64, float64 
[ 2023-01-01 15:12:29,298 ] 81 root - INFO - Hypothesis au_000: float64, float64 
[ 2023-01-01 15:12:29,367 ] 81 root - INFO - Hypothesis av_000: float64, float64 
[ 2023-01-01 15:12:29,384 ] 81 root - INFO - Hypothesis ax_000: float64, float64 
[ 2023-01-01 15:12:29,401 ] 81 root - INFO - Hypothesis ay_000: float64, float64 
[ 2023-01-01 15:12:29,468 ] 81 root - INFO - Hypothesis ay_001: float64, float64 
[ 2023-01-01 15:12:29,535 ] 81 root - INFO - Hypothesis ay_002: float64, float64 
[ 2023-01-01 15:12:29,601 ] 81 root - INFO - Hypothesis ay_003: float64, float64 
[ 2023-01-01 15:12:29,681 ] 81 root - INFO - Hypothesis ay_004: float64, float64 
[ 2023-01-01 15:12:29,743 ] 81 root - INFO - Hypothesis ay_005: float64, float64 
[ 2023-01-01 15:12:29,759 ] 81 root - INFO - Hypothesis ay_006: float64, float64 
[ 2023-01-01 15:12:29,775 ] 81 root - INFO - Hypothesis ay_007: float64, float64 
[ 2023-01-01 15:12:29,792 ] 81 root - INFO - Hypothesis ay_008: float64, float64 
[ 2023-01-01 15:12:29,809 ] 81 root - INFO - Hypothesis ay_009: float64, float64 
[ 2023-01-01 15:12:29,876 ] 81 root - INFO - Hypothesis az_000: float64, float64 
[ 2023-01-01 15:12:29,895 ] 81 root - INFO - Hypothesis az_001: float64, float64 
[ 2023-01-01 15:12:29,914 ] 81 root - INFO - Hypothesis az_002: float64, float64 
[ 2023-01-01 15:12:29,932 ] 81 root - INFO - Hypothesis az_003: float64, float64 
[ 2023-01-01 15:12:29,950 ] 81 root - INFO - Hypothesis az_004: float64, float64 
[ 2023-01-01 15:12:29,970 ] 81 root - INFO - Hypothesis az_005: float64, float64 
[ 2023-01-01 15:12:29,990 ] 81 root - INFO - Hypothesis az_006: float64, float64 
[ 2023-01-01 15:12:30,009 ] 81 root - INFO - Hypothesis az_007: float64, float64 
[ 2023-01-01 15:12:30,025 ] 81 root - INFO - Hypothesis az_008: float64, float64 
[ 2023-01-01 15:12:30,102 ] 81 root - INFO - Hypothesis az_009: float64, float64 
[ 2023-01-01 15:12:30,172 ] 81 root - INFO - Hypothesis ba_000: float64, float64 
[ 2023-01-01 15:12:30,192 ] 81 root - INFO - Hypothesis ba_001: float64, float64 
[ 2023-01-01 15:12:30,212 ] 81 root - INFO - Hypothesis ba_002: float64, float64 
[ 2023-01-01 15:12:30,236 ] 81 root - INFO - Hypothesis ba_003: float64, float64 
[ 2023-01-01 15:12:30,255 ] 81 root - INFO - Hypothesis ba_004: float64, float64 
[ 2023-01-01 15:12:30,274 ] 81 root - INFO - Hypothesis ba_005: float64, float64 
[ 2023-01-01 15:12:30,293 ] 81 root - INFO - Hypothesis ba_006: float64, float64 
[ 2023-01-01 15:12:30,310 ] 81 root - INFO - Hypothesis ba_007: float64, float64 
[ 2023-01-01 15:12:30,328 ] 81 root - INFO - Hypothesis ba_008: float64, float64 
[ 2023-01-01 15:12:30,344 ] 81 root - INFO - Hypothesis ba_009: float64, float64 
[ 2023-01-01 15:12:30,359 ] 81 root - INFO - Hypothesis bb_000: float64, float64 
[ 2023-01-01 15:12:30,377 ] 81 root - INFO - Hypothesis bc_000: float64, float64 
[ 2023-01-01 15:12:30,392 ] 81 root - INFO - Hypothesis bd_000: float64, float64 
[ 2023-01-01 15:12:30,410 ] 81 root - INFO - Hypothesis be_000: float64, float64 
[ 2023-01-01 15:12:30,428 ] 81 root - INFO - Hypothesis bf_000: float64, float64 
[ 2023-01-01 15:12:30,444 ] 81 root - INFO - Hypothesis bg_000: float64, float64 
[ 2023-01-01 15:12:30,464 ] 81 root - INFO - Hypothesis bh_000: float64, float64 
[ 2023-01-01 15:12:30,482 ] 81 root - INFO - Hypothesis bi_000: float64, float64 
[ 2023-01-01 15:12:30,500 ] 81 root - INFO - Hypothesis bj_000: float64, float64 
[ 2023-01-01 15:12:30,520 ] 81 root - INFO - Hypothesis bk_000: float64, float64 
[ 2023-01-01 15:12:30,538 ] 81 root - INFO - Hypothesis bl_000: float64, float64 
[ 2023-01-01 15:12:30,555 ] 81 root - INFO - Hypothesis bm_000: float64, float64 
[ 2023-01-01 15:12:30,570 ] 81 root - INFO - Hypothesis bs_000: float64, float64 
[ 2023-01-01 15:12:30,591 ] 81 root - INFO - Hypothesis bt_000: float64, float64 
[ 2023-01-01 15:12:30,610 ] 81 root - INFO - Hypothesis bu_000: float64, float64 
[ 2023-01-01 15:12:30,631 ] 81 root - INFO - Hypothesis bv_000: float64, float64 
[ 2023-01-01 15:12:30,652 ] 81 root - INFO - Hypothesis bx_000: float64, float64 
[ 2023-01-01 15:12:30,671 ] 81 root - INFO - Hypothesis by_000: float64, float64 
[ 2023-01-01 15:12:30,691 ] 81 root - INFO - Hypothesis bz_000: float64, float64 
[ 2023-01-01 15:12:30,709 ] 81 root - INFO - Hypothesis ca_000: float64, float64 
[ 2023-01-01 15:12:30,728 ] 81 root - INFO - Hypothesis cb_000: float64, float64 
[ 2023-01-01 15:12:30,749 ] 81 root - INFO - Hypothesis cc_000: float64, float64 
[ 2023-01-01 15:12:30,767 ] 81 root - INFO - Hypothesis cd_000: float64, float64 
[ 2023-01-01 15:12:30,833 ] 81 root - INFO - Hypothesis ce_000: float64, float64 
[ 2023-01-01 15:12:30,852 ] 81 root - INFO - Hypothesis cf_000: float64, float64 
[ 2023-01-01 15:12:30,917 ] 81 root - INFO - Hypothesis cg_000: float64, float64 
[ 2023-01-01 15:12:30,938 ] 81 root - INFO - Hypothesis ch_000: float64, float64 
[ 2023-01-01 15:12:31,101 ] 81 root - INFO - Hypothesis ci_000: float64, float64 
[ 2023-01-01 15:12:31,137 ] 81 root - INFO - Hypothesis cj_000: float64, float64 
[ 2023-01-01 15:12:31,159 ] 81 root - INFO - Hypothesis ck_000: float64, float64 
[ 2023-01-01 15:12:31,177 ] 81 root - INFO - Hypothesis cl_000: float64, float64 
[ 2023-01-01 15:12:31,192 ] 81 root - INFO - Hypothesis cm_000: float64, float64 
[ 2023-01-01 15:12:31,255 ] 81 root - INFO - Hypothesis cn_000: float64, float64 
[ 2023-01-01 15:12:31,328 ] 81 root - INFO - Hypothesis cn_001: float64, float64 
[ 2023-01-01 15:12:31,416 ] 81 root - INFO - Hypothesis cn_002: float64, float64 
[ 2023-01-01 15:12:31,434 ] 81 root - INFO - Hypothesis cn_003: float64, float64 
[ 2023-01-01 15:12:31,453 ] 81 root - INFO - Hypothesis cn_004: float64, float64 
[ 2023-01-01 15:12:31,471 ] 81 root - INFO - Hypothesis cn_005: float64, float64 
[ 2023-01-01 15:12:31,488 ] 81 root - INFO - Hypothesis cn_006: float64, float64 
[ 2023-01-01 15:12:31,505 ] 81 root - INFO - Hypothesis cn_007: float64, float64 
[ 2023-01-01 15:12:31,523 ] 81 root - INFO - Hypothesis cn_008: float64, float64 
[ 2023-01-01 15:12:31,540 ] 81 root - INFO - Hypothesis cn_009: float64, float64 
[ 2023-01-01 15:12:31,555 ] 81 root - INFO - Hypothesis co_000: float64, float64 
[ 2023-01-01 15:12:31,571 ] 81 root - INFO - Hypothesis cp_000: float64, float64 
[ 2023-01-01 15:12:31,587 ] 81 root - INFO - Hypothesis cq_000: float64, float64 
[ 2023-01-01 15:12:31,605 ] 81 root - INFO - Hypothesis cs_000: float64, float64 
[ 2023-01-01 15:12:31,624 ] 81 root - INFO - Hypothesis cs_001: float64, float64 
[ 2023-01-01 15:12:31,641 ] 81 root - INFO - Hypothesis cs_002: float64, float64 
[ 2023-01-01 15:12:31,658 ] 81 root - INFO - Hypothesis cs_003: float64, float64 
[ 2023-01-01 15:12:31,676 ] 81 root - INFO - Hypothesis cs_004: float64, float64 
[ 2023-01-01 15:12:31,694 ] 81 root - INFO - Hypothesis cs_005: float64, float64 
[ 2023-01-01 15:12:31,712 ] 81 root - INFO - Hypothesis cs_006: float64, float64 
[ 2023-01-01 15:12:31,731 ] 81 root - INFO - Hypothesis cs_007: float64, float64 
[ 2023-01-01 15:12:31,750 ] 81 root - INFO - Hypothesis cs_008: float64, float64 
[ 2023-01-01 15:12:31,766 ] 81 root - INFO - Hypothesis cs_009: float64, float64 
[ 2023-01-01 15:12:31,831 ] 81 root - INFO - Hypothesis ct_000: float64, float64 
[ 2023-01-01 15:12:31,899 ] 81 root - INFO - Hypothesis cu_000: float64, float64 
[ 2023-01-01 15:12:31,917 ] 81 root - INFO - Hypothesis cv_000: float64, float64 
[ 2023-01-01 15:12:31,934 ] 81 root - INFO - Hypothesis cx_000: float64, float64 
[ 2023-01-01 15:12:31,952 ] 81 root - INFO - Hypothesis cy_000: float64, float64 
[ 2023-01-01 15:12:31,966 ] 81 root - INFO - Hypothesis cz_000: float64, float64 
[ 2023-01-01 15:12:31,983 ] 81 root - INFO - Hypothesis da_000: float64, float64 
[ 2023-01-01 15:12:32,045 ] 81 root - INFO - Hypothesis db_000: float64, float64 
[ 2023-01-01 15:12:32,064 ] 81 root - INFO - Hypothesis dc_000: float64, float64 
[ 2023-01-01 15:12:32,081 ] 81 root - INFO - Hypothesis dd_000: float64, float64 
[ 2023-01-01 15:12:32,100 ] 81 root - INFO - Hypothesis de_000: float64, float64 
[ 2023-01-01 15:12:32,117 ] 81 root - INFO - Hypothesis df_000: float64, float64 
[ 2023-01-01 15:12:32,183 ] 81 root - INFO - Hypothesis dg_000: float64, float64 
[ 2023-01-01 15:12:32,244 ] 81 root - INFO - Hypothesis dh_000: float64, float64 
[ 2023-01-01 15:12:32,306 ] 81 root - INFO - Hypothesis di_000: float64, float64 
[ 2023-01-01 15:12:32,320 ] 81 root - INFO - Hypothesis dj_000: float64, float64 
[ 2023-01-01 15:12:32,385 ] 81 root - INFO - Hypothesis dk_000: float64, float64 
[ 2023-01-01 15:12:32,450 ] 81 root - INFO - Hypothesis dl_000: float64, float64 
[ 2023-01-01 15:12:32,509 ] 81 root - INFO - Hypothesis dm_000: float64, float64 
[ 2023-01-01 15:12:32,568 ] 81 root - INFO - Hypothesis dn_000: float64, float64 
[ 2023-01-01 15:12:32,587 ] 81 root - INFO - Hypothesis do_000: float64, float64 
[ 2023-01-01 15:12:32,604 ] 81 root - INFO - Hypothesis dp_000: float64, float64 
[ 2023-01-01 15:12:32,622 ] 81 root - INFO - Hypothesis dq_000: float64, float64 
[ 2023-01-01 15:12:32,636 ] 81 root - INFO - Hypothesis dr_000: float64, float64 
[ 2023-01-01 15:12:32,652 ] 81 root - INFO - Hypothesis ds_000: float64, float64 
[ 2023-01-01 15:12:32,670 ] 81 root - INFO - Hypothesis dt_000: float64, float64 
[ 2023-01-01 15:12:32,688 ] 81 root - INFO - Hypothesis du_000: float64, float64 
[ 2023-01-01 15:12:32,705 ] 81 root - INFO - Hypothesis dv_000: float64, float64 
[ 2023-01-01 15:12:32,722 ] 81 root - INFO - Hypothesis dx_000: float64, float64 
[ 2023-01-01 15:12:32,737 ] 81 root - INFO - Hypothesis dy_000: float64, float64 
[ 2023-01-01 15:12:32,752 ] 81 root - INFO - Hypothesis dz_000: float64, float64 
[ 2023-01-01 15:12:32,813 ] 81 root - INFO - Hypothesis ea_000: float64, float64 
[ 2023-01-01 15:12:32,880 ] 81 root - INFO - Hypothesis eb_000: float64, float64 
[ 2023-01-01 15:12:32,896 ] 81 root - INFO - Hypothesis ec_00: float64, float64 
[ 2023-01-01 15:12:32,913 ] 81 root - INFO - Hypothesis ed_000: float64, float64 
[ 2023-01-01 15:12:32,932 ] 81 root - INFO - Hypothesis ee_000: float64, float64 
[ 2023-01-01 15:12:32,950 ] 81 root - INFO - Hypothesis ee_001: float64, float64 
[ 2023-01-01 15:12:32,969 ] 81 root - INFO - Hypothesis ee_002: float64, float64 
[ 2023-01-01 15:12:32,987 ] 81 root - INFO - Hypothesis ee_003: float64, float64 
[ 2023-01-01 15:12:33,006 ] 81 root - INFO - Hypothesis ee_004: float64, float64 
[ 2023-01-01 15:12:33,023 ] 81 root - INFO - Hypothesis ee_005: float64, float64 
[ 2023-01-01 15:12:33,041 ] 81 root - INFO - Hypothesis ee_006: float64, float64 
[ 2023-01-01 15:12:33,058 ] 81 root - INFO - Hypothesis ee_007: float64, float64 
[ 2023-01-01 15:12:33,075 ] 81 root - INFO - Hypothesis ee_008: float64, float64 
[ 2023-01-01 15:12:33,092 ] 81 root - INFO - Hypothesis ee_009: float64, float64 
[ 2023-01-01 15:12:33,107 ] 81 root - INFO - Hypothesis ef_000: float64, float64 
[ 2023-01-01 15:12:33,172 ] 81 root - INFO - Hypothesis eg_000: float64, float64 
[ 2023-01-01 15:12:33,229 ] 140 root - INFO - Write reprt in yaml file
[ 2023-01-01 15:12:33,355 ] 145 root - INFO - Data validation artifact: DataValidationArtifact(report_file_path='/home/dataguy/sensor_fault_detection/artifact/01012023__150621/data_validation/report.yaml')
[ 2023-01-01 15:12:33,358 ] 24 root - INFO - >>>>>>>>>>>>>>>>>>>>>>>>>>>>>>>>>>>>>>>> Data Transformation <<<<<<<<<<<<<<<<<<<<<<<<<<<<<<<<<<<<<<<<
[ 2023-01-01 15:12:38,520 ] 75 root - INFO - Before resampling in training set Input: (81423, 170) Target:(81423,)
[ 2023-01-01 15:15:45,335 ] 77 root - INFO - After resampling in training set Input: (158334, 170) Target:(158334,)
[ 2023-01-01 15:15:45,336 ] 79 root - INFO - Before resampling in testing set Input: (27141, 170) Target:(27141,)
[ 2023-01-01 15:16:05,786 ] 81 root - INFO - After resampling in testing set Input: (52718, 170) Target:(52718,)
[ 2023-01-01 15:16:06,336 ] 55 root - INFO - Entered the save_object method of utils
[ 2023-01-01 15:16:06,342 ] 59 root - INFO - Exited the save_object method of utils
[ 2023-01-01 15:16:06,343 ] 55 root - INFO - Entered the save_object method of utils
[ 2023-01-01 15:16:06,344 ] 59 root - INFO - Exited the save_object method of utils
[ 2023-01-01 15:16:06,344 ] 112 root - INFO - Data transformation object DataTransformationArtifact(transform_object_path='/home/dataguy/sensor_fault_detection/artifact/01012023__150621/data_transformation/transformer/transformer.pkl', transformed_train_path='/home/dataguy/sensor_fault_detection/artifact/01012023__150621/data_transformation/transformed/train.npz', transformed_test_path='/home/dataguy/sensor_fault_detection/artifact/01012023__150621/data_transformation/transformed/test.npz', target_encoder_path='/home/dataguy/sensor_fault_detection/artifact/01012023__150621/data_transformation/target_encoder/target_encoder.pkl')
[ 2023-01-01 15:16:06,347 ] 16 root - INFO - >>>>>>>>>>>>>>>>>>>>>>>>>>>>>>>>>>>>>>>> Model Trainer <<<<<<<<<<<<<<<<<<<<<<<<<<<<<<<<<<<<<<<<
[ 2023-01-01 15:16:06,347 ] 41 root - INFO - Loading train and test array.
[ 2023-01-01 15:16:06,447 ] 45 root - INFO - Splitting input and target feature from both train and test arr.
[ 2023-01-01 15:16:06,447 ] 49 root - INFO - Train the model
[ 2023-01-01 15:18:29,645 ] 52 root - INFO - Calculating f1 train score
[ 2023-01-01 15:18:30,186 ] 56 root - INFO - Calculating f1 test score
[ 2023-01-01 15:18:30,397 ] 60 root - INFO - train score:1.0 and tests score 0.9959063993450239
[ 2023-01-01 15:18:30,397 ] 62 root - INFO - Checking if our model is underfitting or not
[ 2023-01-01 15:18:30,397 ] 67 root - INFO - Checking if our model is overfiiting or not
[ 2023-01-01 15:18:30,397 ] 74 root - INFO - Saving mode object
[ 2023-01-01 15:18:30,398 ] 55 root - INFO - Entered the save_object method of utils
[ 2023-01-01 15:18:30,409 ] 59 root - INFO - Exited the save_object method of utils
[ 2023-01-01 15:18:30,410 ] 78 root - INFO - Prepare the artifact
[ 2023-01-01 15:18:30,410 ] 81 root - INFO - Model trainer artifact: ModelTrainerArtifact(model_path='/home/dataguy/sensor_fault_detection/artifact/01012023__150621/model_trainer/model/model.pkl', f1_train_score=1.0, f1_test_score=0.9959063993450239)
[ 2023-01-01 15:18:30,410 ] 19 root - INFO - >>>>>>>>>>>>>>>>>>>>>>>>>>>>>>>>>>>>>>>>  Model Evaluation <<<<<<<<<<<<<<<<<<<<<<<<<<<<<<<<<<<<<<<<
[ 2023-01-01 15:18:30,410 ] 35 root - INFO - if saved model folder has model the we will compare which model is best trained or the model from saved model folder
[ 2023-01-01 15:18:30,411 ] 41 root - INFO - Model evaluation artifact: ModelEvaluationArtifact(is_model_accepted=True, improved_accuracy=None)
