[ 2022-12-25 15:37:11,562 ] 21 root - INFO - Exporting collection data as pandas dataframe
[ 2022-12-25 15:37:11,562 ] 21 root - INFO - Reading data from database: sensor and collection: sensor_data
[ 2022-12-25 15:39:53,394 ] 25 root - INFO - Found columns: Index(['_id', 'class', 'aa_000', 'ab_000', 'ac_000', 'ad_000', 'ae_000',
       'af_000', 'ag_000', 'ag_001',
       ...
       'ee_002', 'ee_003', 'ee_004', 'ee_005', 'ee_006', 'ee_007', 'ee_008',
       'ee_009', 'ef_000', 'eg_000'],
      dtype='object', length=172)
[ 2022-12-25 15:39:53,394 ] 27 root - INFO - Dropping column: _id 
[ 2022-12-25 15:39:53,910 ] 29 root - INFO - Row and columns in df: (108564, 171)
[ 2022-12-25 15:39:54,043 ] 28 root - INFO - Save data in feature store
[ 2022-12-25 15:39:55,116 ] 34 root - INFO - Create feature store folder if not available
[ 2022-12-25 15:39:55,116 ] 38 root - INFO - Save df to feature store folder
[ 2022-12-25 15:39:59,843 ] 43 root - INFO - split dataset into train and test set
[ 2022-12-25 15:40:01,600 ] 47 root - INFO - create dataset directory folder if not available
[ 2022-12-25 15:40:01,600 ] 52 root - INFO - Save df to feature store folder
[ 2022-12-25 15:40:05,405 ] 64 root - INFO - Data ingestion artifact: DataIngestionArtifact(feature_store_file_path='/home/dataguy/sensor_fault_detection/artifact/12252022__153711/data_ingestion/feature_store/sensor.csv', train_file_path='/home/dataguy/sensor_fault_detection/artifact/12252022__153711/data_ingestion/dataset/train.csv', test_file_path='/home/dataguy/sensor_fault_detection/artifact/12252022__153711/data_ingestion/dataset/test.csv')
[ 2022-12-25 15:40:06,447 ] 17 root - INFO - >>>>>>>>>>>>>>>>>>>>>>>>>>>>>>>>>>>>>>>> Data Validation <<<<<<<<<<<<<<<<<<<<<<<<<<<<<<<<<<<<<<<<
[ 2022-12-25 15:40:06,448 ] 103 root - INFO - Reading base dataframe
[ 2022-12-25 15:40:08,160 ] 106 root - INFO - Replace na value in base df
[ 2022-12-25 15:40:08,160 ] 108 root - INFO - Drop null values colums from base df
[ 2022-12-25 15:40:08,423 ] 38 root - INFO - selecting column name which contains null above to 0.7
[ 2022-12-25 15:40:08,424 ] 41 root - INFO - Columns to drop: ['ab_000', 'bn_000', 'bo_000', 'bp_000', 'bq_000', 'br_000', 'cr_000']
[ 2022-12-25 15:40:08,480 ] 111 root - INFO - Reading train dataframe
[ 2022-12-25 15:40:09,497 ] 113 root - INFO - Reading test dataframe
[ 2022-12-25 15:40:09,839 ] 116 root - INFO - Drop null values colums from train df
[ 2022-12-25 15:40:09,864 ] 38 root - INFO - selecting column name which contains null above to 0.7
[ 2022-12-25 15:40:09,864 ] 41 root - INFO - Columns to drop: ['ab_000', 'bn_000', 'bo_000', 'bp_000', 'bq_000', 'br_000', 'cr_000']
[ 2022-12-25 15:40:09,874 ] 118 root - INFO - Drop null values colums from test df
[ 2022-12-25 15:40:09,883 ] 38 root - INFO - selecting column name which contains null above to 0.7
[ 2022-12-25 15:40:09,884 ] 41 root - INFO - Columns to drop: ['ab_000', 'bn_000', 'bo_000', 'bp_000', 'bq_000', 'br_000', 'cr_000']
[ 2022-12-25 15:40:14,760 ] 127 root - INFO - Is all required columns present in train df
[ 2022-12-25 15:40:14,760 ] 129 root - INFO - Is all required columns present in test df
[ 2022-12-25 15:40:14,761 ] 133 root - INFO - As all column are available in train df hence detecting data drift
[ 2022-12-25 15:40:14,761 ] 81 root - INFO - Hypothesis class: object, object 
[ 2022-12-25 15:40:15,016 ] 81 root - INFO - Hypothesis aa_000: float64, float64 
[ 2022-12-25 15:40:15,159 ] 81 root - INFO - Hypothesis ac_000: float64, float64 
[ 2022-12-25 15:40:15,247 ] 81 root - INFO - Hypothesis ad_000: float64, float64 
[ 2022-12-25 15:40:15,307 ] 81 root - INFO - Hypothesis ae_000: float64, float64 
[ 2022-12-25 15:40:15,358 ] 81 root - INFO - Hypothesis af_000: float64, float64 
[ 2022-12-25 15:40:15,411 ] 81 root - INFO - Hypothesis ag_000: float64, float64 
[ 2022-12-25 15:40:15,466 ] 81 root - INFO - Hypothesis ag_001: float64, float64 
[ 2022-12-25 15:40:15,523 ] 81 root - INFO - Hypothesis ag_002: float64, float64 
[ 2022-12-25 15:40:15,586 ] 81 root - INFO - Hypothesis ag_003: float64, float64 
[ 2022-12-25 15:40:15,694 ] 81 root - INFO - Hypothesis ag_004: float64, float64 
[ 2022-12-25 15:40:15,791 ] 81 root - INFO - Hypothesis ag_005: float64, float64 
[ 2022-12-25 15:40:15,973 ] 81 root - INFO - Hypothesis ag_006: float64, float64 
[ 2022-12-25 15:40:15,994 ] 81 root - INFO - Hypothesis ag_007: float64, float64 
[ 2022-12-25 15:40:16,015 ] 81 root - INFO - Hypothesis ag_008: float64, float64 
[ 2022-12-25 15:40:16,114 ] 81 root - INFO - Hypothesis ag_009: float64, float64 
[ 2022-12-25 15:40:16,206 ] 81 root - INFO - Hypothesis ah_000: float64, float64 
[ 2022-12-25 15:40:16,229 ] 81 root - INFO - Hypothesis ai_000: float64, float64 
[ 2022-12-25 15:40:16,287 ] 81 root - INFO - Hypothesis aj_000: float64, float64 
[ 2022-12-25 15:40:16,303 ] 81 root - INFO - Hypothesis ak_000: float64, float64 
[ 2022-12-25 15:40:16,376 ] 81 root - INFO - Hypothesis al_000: float64, float64 
[ 2022-12-25 15:40:16,459 ] 81 root - INFO - Hypothesis am_0: float64, float64 
[ 2022-12-25 15:40:16,531 ] 81 root - INFO - Hypothesis an_000: float64, float64 
[ 2022-12-25 15:40:16,552 ] 81 root - INFO - Hypothesis ao_000: float64, float64 
[ 2022-12-25 15:40:16,569 ] 81 root - INFO - Hypothesis ap_000: float64, float64 
[ 2022-12-25 15:40:16,586 ] 81 root - INFO - Hypothesis aq_000: float64, float64 
[ 2022-12-25 15:40:16,603 ] 81 root - INFO - Hypothesis ar_000: float64, float64 
[ 2022-12-25 15:40:16,653 ] 81 root - INFO - Hypothesis as_000: float64, float64 
[ 2022-12-25 15:40:16,701 ] 81 root - INFO - Hypothesis at_000: float64, float64 
[ 2022-12-25 15:40:16,745 ] 81 root - INFO - Hypothesis au_000: float64, float64 
[ 2022-12-25 15:40:16,796 ] 81 root - INFO - Hypothesis av_000: float64, float64 
[ 2022-12-25 15:40:16,861 ] 81 root - INFO - Hypothesis ax_000: float64, float64 
[ 2022-12-25 15:40:16,909 ] 81 root - INFO - Hypothesis ay_000: float64, float64 
[ 2022-12-25 15:40:16,952 ] 81 root - INFO - Hypothesis ay_001: float64, float64 
[ 2022-12-25 15:40:16,995 ] 81 root - INFO - Hypothesis ay_002: float64, float64 
[ 2022-12-25 15:40:17,044 ] 81 root - INFO - Hypothesis ay_003: float64, float64 
[ 2022-12-25 15:40:17,099 ] 81 root - INFO - Hypothesis ay_004: float64, float64 
[ 2022-12-25 15:40:17,150 ] 81 root - INFO - Hypothesis ay_005: float64, float64 
[ 2022-12-25 15:40:17,279 ] 81 root - INFO - Hypothesis ay_006: float64, float64 
[ 2022-12-25 15:40:17,359 ] 81 root - INFO - Hypothesis ay_007: float64, float64 
[ 2022-12-25 15:40:17,376 ] 81 root - INFO - Hypothesis ay_008: float64, float64 
[ 2022-12-25 15:40:17,433 ] 81 root - INFO - Hypothesis ay_009: float64, float64 
[ 2022-12-25 15:40:17,492 ] 81 root - INFO - Hypothesis az_000: float64, float64 
[ 2022-12-25 15:40:17,509 ] 81 root - INFO - Hypothesis az_001: float64, float64 
[ 2022-12-25 15:40:17,655 ] 81 root - INFO - Hypothesis az_002: float64, float64 
[ 2022-12-25 15:40:17,811 ] 81 root - INFO - Hypothesis az_003: float64, float64 
[ 2022-12-25 15:40:17,870 ] 81 root - INFO - Hypothesis az_004: float64, float64 
[ 2022-12-25 15:40:18,042 ] 81 root - INFO - Hypothesis az_005: float64, float64 
[ 2022-12-25 15:40:18,071 ] 81 root - INFO - Hypothesis az_006: float64, float64 
[ 2022-12-25 15:40:18,087 ] 81 root - INFO - Hypothesis az_007: float64, float64 
[ 2022-12-25 15:40:18,138 ] 81 root - INFO - Hypothesis az_008: float64, float64 
[ 2022-12-25 15:40:18,215 ] 81 root - INFO - Hypothesis az_009: float64, float64 
[ 2022-12-25 15:40:18,259 ] 81 root - INFO - Hypothesis ba_000: float64, float64 
[ 2022-12-25 15:40:18,275 ] 81 root - INFO - Hypothesis ba_001: float64, float64 
[ 2022-12-25 15:40:18,290 ] 81 root - INFO - Hypothesis ba_002: float64, float64 
[ 2022-12-25 15:40:18,306 ] 81 root - INFO - Hypothesis ba_003: float64, float64 
[ 2022-12-25 15:40:18,430 ] 81 root - INFO - Hypothesis ba_004: float64, float64 
[ 2022-12-25 15:40:18,456 ] 81 root - INFO - Hypothesis ba_005: float64, float64 
[ 2022-12-25 15:40:18,582 ] 81 root - INFO - Hypothesis ba_006: float64, float64 
[ 2022-12-25 15:40:18,670 ] 81 root - INFO - Hypothesis ba_007: float64, float64 
[ 2022-12-25 15:40:18,685 ] 81 root - INFO - Hypothesis ba_008: float64, float64 
[ 2022-12-25 15:40:18,828 ] 81 root - INFO - Hypothesis ba_009: float64, float64 
[ 2022-12-25 15:40:18,902 ] 81 root - INFO - Hypothesis bb_000: float64, float64 
[ 2022-12-25 15:40:18,918 ] 81 root - INFO - Hypothesis bc_000: float64, float64 
[ 2022-12-25 15:40:18,972 ] 81 root - INFO - Hypothesis bd_000: float64, float64 
[ 2022-12-25 15:40:19,032 ] 81 root - INFO - Hypothesis be_000: float64, float64 
[ 2022-12-25 15:40:19,176 ] 81 root - INFO - Hypothesis bf_000: float64, float64 
[ 2022-12-25 15:40:19,201 ] 81 root - INFO - Hypothesis bg_000: float64, float64 
[ 2022-12-25 15:40:19,217 ] 81 root - INFO - Hypothesis bh_000: float64, float64 
[ 2022-12-25 15:40:19,233 ] 81 root - INFO - Hypothesis bi_000: float64, float64 
[ 2022-12-25 15:40:19,249 ] 81 root - INFO - Hypothesis bj_000: float64, float64 
[ 2022-12-25 15:40:19,264 ] 81 root - INFO - Hypothesis bk_000: float64, float64 
[ 2022-12-25 15:40:19,278 ] 81 root - INFO - Hypothesis bl_000: float64, float64 
[ 2022-12-25 15:40:19,420 ] 81 root - INFO - Hypothesis bm_000: float64, float64 
[ 2022-12-25 15:40:19,476 ] 81 root - INFO - Hypothesis bs_000: float64, float64 
[ 2022-12-25 15:40:19,493 ] 81 root - INFO - Hypothesis bt_000: float64, float64 
[ 2022-12-25 15:40:19,509 ] 81 root - INFO - Hypothesis bu_000: float64, float64 
[ 2022-12-25 15:40:19,524 ] 81 root - INFO - Hypothesis bv_000: float64, float64 
[ 2022-12-25 15:40:19,540 ] 81 root - INFO - Hypothesis bx_000: float64, float64 
[ 2022-12-25 15:40:19,588 ] 81 root - INFO - Hypothesis by_000: float64, float64 
[ 2022-12-25 15:40:19,640 ] 81 root - INFO - Hypothesis bz_000: float64, float64 
[ 2022-12-25 15:40:19,694 ] 81 root - INFO - Hypothesis ca_000: float64, float64 
[ 2022-12-25 15:40:19,840 ] 81 root - INFO - Hypothesis cb_000: float64, float64 
[ 2022-12-25 15:40:19,902 ] 81 root - INFO - Hypothesis cc_000: float64, float64 
[ 2022-12-25 15:40:19,960 ] 81 root - INFO - Hypothesis cd_000: float64, float64 
[ 2022-12-25 15:40:20,014 ] 81 root - INFO - Hypothesis ce_000: float64, float64 
[ 2022-12-25 15:40:20,031 ] 81 root - INFO - Hypothesis cf_000: float64, float64 
[ 2022-12-25 15:40:20,078 ] 81 root - INFO - Hypothesis cg_000: float64, float64 
[ 2022-12-25 15:40:20,123 ] 81 root - INFO - Hypothesis ch_000: float64, float64 
[ 2022-12-25 15:40:20,168 ] 81 root - INFO - Hypothesis ci_000: float64, float64 
[ 2022-12-25 15:40:20,184 ] 81 root - INFO - Hypothesis cj_000: float64, float64 
[ 2022-12-25 15:40:20,235 ] 81 root - INFO - Hypothesis ck_000: float64, float64 
[ 2022-12-25 15:40:20,255 ] 81 root - INFO - Hypothesis cl_000: float64, float64 
[ 2022-12-25 15:40:20,316 ] 81 root - INFO - Hypothesis cm_000: float64, float64 
[ 2022-12-25 15:40:20,376 ] 81 root - INFO - Hypothesis cn_000: float64, float64 
[ 2022-12-25 15:40:20,425 ] 81 root - INFO - Hypothesis cn_001: float64, float64 
[ 2022-12-25 15:40:20,478 ] 81 root - INFO - Hypothesis cn_002: float64, float64 
[ 2022-12-25 15:40:20,538 ] 81 root - INFO - Hypothesis cn_003: float64, float64 
[ 2022-12-25 15:40:20,686 ] 81 root - INFO - Hypothesis cn_004: float64, float64 
[ 2022-12-25 15:40:20,712 ] 81 root - INFO - Hypothesis cn_005: float64, float64 
[ 2022-12-25 15:40:20,727 ] 81 root - INFO - Hypothesis cn_006: float64, float64 
[ 2022-12-25 15:40:20,774 ] 81 root - INFO - Hypothesis cn_007: float64, float64 
[ 2022-12-25 15:40:20,789 ] 81 root - INFO - Hypothesis cn_008: float64, float64 
[ 2022-12-25 15:40:20,804 ] 81 root - INFO - Hypothesis cn_009: float64, float64 
[ 2022-12-25 15:40:20,818 ] 81 root - INFO - Hypothesis co_000: float64, float64 
[ 2022-12-25 15:40:20,863 ] 81 root - INFO - Hypothesis cp_000: float64, float64 
[ 2022-12-25 15:40:20,877 ] 81 root - INFO - Hypothesis cq_000: float64, float64 
[ 2022-12-25 15:40:20,892 ] 81 root - INFO - Hypothesis cs_000: float64, float64 
[ 2022-12-25 15:40:20,908 ] 81 root - INFO - Hypothesis cs_001: float64, float64 
[ 2022-12-25 15:40:20,923 ] 81 root - INFO - Hypothesis cs_002: float64, float64 
[ 2022-12-25 15:40:20,938 ] 81 root - INFO - Hypothesis cs_003: float64, float64 
[ 2022-12-25 15:40:20,953 ] 81 root - INFO - Hypothesis cs_004: float64, float64 
[ 2022-12-25 15:40:20,969 ] 81 root - INFO - Hypothesis cs_005: float64, float64 
[ 2022-12-25 15:40:20,984 ] 81 root - INFO - Hypothesis cs_006: float64, float64 
[ 2022-12-25 15:40:21,123 ] 81 root - INFO - Hypothesis cs_007: float64, float64 
[ 2022-12-25 15:40:21,273 ] 81 root - INFO - Hypothesis cs_008: float64, float64 
[ 2022-12-25 15:40:21,416 ] 81 root - INFO - Hypothesis cs_009: float64, float64 
[ 2022-12-25 15:40:21,488 ] 81 root - INFO - Hypothesis ct_000: float64, float64 
[ 2022-12-25 15:40:21,538 ] 81 root - INFO - Hypothesis cu_000: float64, float64 
[ 2022-12-25 15:40:21,682 ] 81 root - INFO - Hypothesis cv_000: float64, float64 
[ 2022-12-25 15:40:21,740 ] 81 root - INFO - Hypothesis cx_000: float64, float64 
[ 2022-12-25 15:40:21,797 ] 81 root - INFO - Hypothesis cy_000: float64, float64 
[ 2022-12-25 15:40:21,856 ] 81 root - INFO - Hypothesis cz_000: float64, float64 
[ 2022-12-25 15:40:21,921 ] 81 root - INFO - Hypothesis da_000: float64, float64 
[ 2022-12-25 15:40:21,979 ] 81 root - INFO - Hypothesis db_000: float64, float64 
[ 2022-12-25 15:40:22,030 ] 81 root - INFO - Hypothesis dc_000: float64, float64 
[ 2022-12-25 15:40:22,121 ] 81 root - INFO - Hypothesis dd_000: float64, float64 
[ 2022-12-25 15:40:22,146 ] 81 root - INFO - Hypothesis de_000: float64, float64 
[ 2022-12-25 15:40:22,241 ] 81 root - INFO - Hypothesis df_000: float64, float64 
[ 2022-12-25 15:40:22,289 ] 81 root - INFO - Hypothesis dg_000: float64, float64 
[ 2022-12-25 15:40:22,333 ] 81 root - INFO - Hypothesis dh_000: float64, float64 
[ 2022-12-25 15:40:22,377 ] 81 root - INFO - Hypothesis di_000: float64, float64 
[ 2022-12-25 15:40:22,422 ] 81 root - INFO - Hypothesis dj_000: float64, float64 
[ 2022-12-25 15:40:22,466 ] 81 root - INFO - Hypothesis dk_000: float64, float64 
[ 2022-12-25 15:40:22,511 ] 81 root - INFO - Hypothesis dl_000: float64, float64 
[ 2022-12-25 15:40:22,564 ] 81 root - INFO - Hypothesis dm_000: float64, float64 
[ 2022-12-25 15:40:22,615 ] 81 root - INFO - Hypothesis dn_000: float64, float64 
[ 2022-12-25 15:40:22,632 ] 81 root - INFO - Hypothesis do_000: float64, float64 
[ 2022-12-25 15:40:22,647 ] 81 root - INFO - Hypothesis dp_000: float64, float64 
[ 2022-12-25 15:40:22,697 ] 81 root - INFO - Hypothesis dq_000: float64, float64 
[ 2022-12-25 15:40:22,744 ] 81 root - INFO - Hypothesis dr_000: float64, float64 
[ 2022-12-25 15:40:22,789 ] 81 root - INFO - Hypothesis ds_000: float64, float64 
[ 2022-12-25 15:40:22,804 ] 81 root - INFO - Hypothesis dt_000: float64, float64 
[ 2022-12-25 15:40:22,820 ] 81 root - INFO - Hypothesis du_000: float64, float64 
[ 2022-12-25 15:40:22,874 ] 81 root - INFO - Hypothesis dv_000: float64, float64 
[ 2022-12-25 15:40:22,935 ] 81 root - INFO - Hypothesis dx_000: float64, float64 
[ 2022-12-25 15:40:22,986 ] 81 root - INFO - Hypothesis dy_000: float64, float64 
[ 2022-12-25 15:40:23,035 ] 81 root - INFO - Hypothesis dz_000: float64, float64 
[ 2022-12-25 15:40:23,078 ] 81 root - INFO - Hypothesis ea_000: float64, float64 
[ 2022-12-25 15:40:23,121 ] 81 root - INFO - Hypothesis eb_000: float64, float64 
[ 2022-12-25 15:40:23,266 ] 81 root - INFO - Hypothesis ec_00: float64, float64 
[ 2022-12-25 15:40:23,330 ] 81 root - INFO - Hypothesis ed_000: float64, float64 
[ 2022-12-25 15:40:23,380 ] 81 root - INFO - Hypothesis ee_000: float64, float64 
[ 2022-12-25 15:40:23,523 ] 81 root - INFO - Hypothesis ee_001: float64, float64 
[ 2022-12-25 15:40:23,553 ] 81 root - INFO - Hypothesis ee_002: float64, float64 
[ 2022-12-25 15:40:23,571 ] 81 root - INFO - Hypothesis ee_003: float64, float64 
[ 2022-12-25 15:40:23,587 ] 81 root - INFO - Hypothesis ee_004: float64, float64 
[ 2022-12-25 15:40:23,604 ] 81 root - INFO - Hypothesis ee_005: float64, float64 
[ 2022-12-25 15:40:23,668 ] 81 root - INFO - Hypothesis ee_006: float64, float64 
[ 2022-12-25 15:40:23,720 ] 81 root - INFO - Hypothesis ee_007: float64, float64 
[ 2022-12-25 15:40:23,787 ] 81 root - INFO - Hypothesis ee_008: float64, float64 
[ 2022-12-25 15:40:23,835 ] 81 root - INFO - Hypothesis ee_009: float64, float64 
[ 2022-12-25 15:40:23,882 ] 81 root - INFO - Hypothesis ef_000: float64, float64 
[ 2022-12-25 15:40:23,925 ] 81 root - INFO - Hypothesis eg_000: float64, float64 
[ 2022-12-25 15:40:23,968 ] 136 root - INFO - As all column are available in test df hence detecting data drift
[ 2022-12-25 15:40:23,969 ] 81 root - INFO - Hypothesis class: object, object 
[ 2022-12-25 15:40:24,074 ] 81 root - INFO - Hypothesis aa_000: float64, float64 
[ 2022-12-25 15:40:24,082 ] 81 root - INFO - Hypothesis ac_000: float64, float64 
[ 2022-12-25 15:40:24,090 ] 81 root - INFO - Hypothesis ad_000: float64, float64 
[ 2022-12-25 15:40:24,097 ] 81 root - INFO - Hypothesis ae_000: float64, float64 
[ 2022-12-25 15:40:24,124 ] 81 root - INFO - Hypothesis af_000: float64, float64 
[ 2022-12-25 15:40:24,151 ] 81 root - INFO - Hypothesis ag_000: float64, float64 
[ 2022-12-25 15:40:24,178 ] 81 root - INFO - Hypothesis ag_001: float64, float64 
[ 2022-12-25 15:40:24,207 ] 81 root - INFO - Hypothesis ag_002: float64, float64 
[ 2022-12-25 15:40:24,233 ] 81 root - INFO - Hypothesis ag_003: float64, float64 
[ 2022-12-25 15:40:24,241 ] 81 root - INFO - Hypothesis ag_004: float64, float64 
[ 2022-12-25 15:40:24,250 ] 81 root - INFO - Hypothesis ag_005: float64, float64 
[ 2022-12-25 15:40:24,259 ] 81 root - INFO - Hypothesis ag_006: float64, float64 
[ 2022-12-25 15:40:24,267 ] 81 root - INFO - Hypothesis ag_007: float64, float64 
[ 2022-12-25 15:40:24,275 ] 81 root - INFO - Hypothesis ag_008: float64, float64 
[ 2022-12-25 15:40:24,282 ] 81 root - INFO - Hypothesis ag_009: float64, float64 
[ 2022-12-25 15:40:24,289 ] 81 root - INFO - Hypothesis ah_000: float64, float64 
[ 2022-12-25 15:40:24,297 ] 81 root - INFO - Hypothesis ai_000: float64, float64 
[ 2022-12-25 15:40:24,324 ] 81 root - INFO - Hypothesis aj_000: float64, float64 
[ 2022-12-25 15:40:24,330 ] 81 root - INFO - Hypothesis ak_000: float64, float64 
[ 2022-12-25 15:40:24,357 ] 81 root - INFO - Hypothesis al_000: float64, float64 
[ 2022-12-25 15:40:24,364 ] 81 root - INFO - Hypothesis am_0: float64, float64 
[ 2022-12-25 15:40:24,372 ] 81 root - INFO - Hypothesis an_000: float64, float64 
[ 2022-12-25 15:40:24,380 ] 81 root - INFO - Hypothesis ao_000: float64, float64 
[ 2022-12-25 15:40:24,388 ] 81 root - INFO - Hypothesis ap_000: float64, float64 
[ 2022-12-25 15:40:24,396 ] 81 root - INFO - Hypothesis aq_000: float64, float64 
[ 2022-12-25 15:40:24,404 ] 81 root - INFO - Hypothesis ar_000: float64, float64 
[ 2022-12-25 15:40:24,431 ] 81 root - INFO - Hypothesis as_000: float64, float64 
[ 2022-12-25 15:40:24,457 ] 81 root - INFO - Hypothesis at_000: float64, float64 
[ 2022-12-25 15:40:24,483 ] 81 root - INFO - Hypothesis au_000: float64, float64 
[ 2022-12-25 15:40:24,509 ] 81 root - INFO - Hypothesis av_000: float64, float64 
[ 2022-12-25 15:40:24,517 ] 81 root - INFO - Hypothesis ax_000: float64, float64 
[ 2022-12-25 15:40:24,525 ] 81 root - INFO - Hypothesis ay_000: float64, float64 
[ 2022-12-25 15:40:24,552 ] 81 root - INFO - Hypothesis ay_001: float64, float64 
[ 2022-12-25 15:40:24,579 ] 81 root - INFO - Hypothesis ay_002: float64, float64 
[ 2022-12-25 15:40:24,605 ] 81 root - INFO - Hypothesis ay_003: float64, float64 
[ 2022-12-25 15:40:24,633 ] 81 root - INFO - Hypothesis ay_004: float64, float64 
[ 2022-12-25 15:40:24,660 ] 81 root - INFO - Hypothesis ay_005: float64, float64 
[ 2022-12-25 15:40:24,667 ] 81 root - INFO - Hypothesis ay_006: float64, float64 
[ 2022-12-25 15:40:24,675 ] 81 root - INFO - Hypothesis ay_007: float64, float64 
[ 2022-12-25 15:40:24,683 ] 81 root - INFO - Hypothesis ay_008: float64, float64 
[ 2022-12-25 15:40:24,690 ] 81 root - INFO - Hypothesis ay_009: float64, float64 
[ 2022-12-25 15:40:24,697 ] 81 root - INFO - Hypothesis az_000: float64, float64 
[ 2022-12-25 15:40:24,705 ] 81 root - INFO - Hypothesis az_001: float64, float64 
[ 2022-12-25 15:40:24,713 ] 81 root - INFO - Hypothesis az_002: float64, float64 
[ 2022-12-25 15:40:24,722 ] 81 root - INFO - Hypothesis az_003: float64, float64 
[ 2022-12-25 15:40:24,730 ] 81 root - INFO - Hypothesis az_004: float64, float64 
[ 2022-12-25 15:40:24,739 ] 81 root - INFO - Hypothesis az_005: float64, float64 
[ 2022-12-25 15:40:24,747 ] 81 root - INFO - Hypothesis az_006: float64, float64 
[ 2022-12-25 15:40:24,755 ] 81 root - INFO - Hypothesis az_007: float64, float64 
[ 2022-12-25 15:40:24,781 ] 81 root - INFO - Hypothesis az_008: float64, float64 
[ 2022-12-25 15:40:24,808 ] 81 root - INFO - Hypothesis az_009: float64, float64 
[ 2022-12-25 15:40:24,835 ] 81 root - INFO - Hypothesis ba_000: float64, float64 
[ 2022-12-25 15:40:24,843 ] 81 root - INFO - Hypothesis ba_001: float64, float64 
[ 2022-12-25 15:40:24,852 ] 81 root - INFO - Hypothesis ba_002: float64, float64 
[ 2022-12-25 15:40:24,860 ] 81 root - INFO - Hypothesis ba_003: float64, float64 
[ 2022-12-25 15:40:24,868 ] 81 root - INFO - Hypothesis ba_004: float64, float64 
[ 2022-12-25 15:40:24,876 ] 81 root - INFO - Hypothesis ba_005: float64, float64 
[ 2022-12-25 15:40:24,885 ] 81 root - INFO - Hypothesis ba_006: float64, float64 
[ 2022-12-25 15:40:24,893 ] 81 root - INFO - Hypothesis ba_007: float64, float64 
[ 2022-12-25 15:40:24,901 ] 81 root - INFO - Hypothesis ba_008: float64, float64 
[ 2022-12-25 15:40:24,908 ] 81 root - INFO - Hypothesis ba_009: float64, float64 
[ 2022-12-25 15:40:24,915 ] 81 root - INFO - Hypothesis bb_000: float64, float64 
[ 2022-12-25 15:40:24,923 ] 81 root - INFO - Hypothesis bc_000: float64, float64 
[ 2022-12-25 15:40:24,931 ] 81 root - INFO - Hypothesis bd_000: float64, float64 
[ 2022-12-25 15:40:24,938 ] 81 root - INFO - Hypothesis be_000: float64, float64 
[ 2022-12-25 15:40:24,947 ] 81 root - INFO - Hypothesis bf_000: float64, float64 
[ 2022-12-25 15:40:24,954 ] 81 root - INFO - Hypothesis bg_000: float64, float64 
[ 2022-12-25 15:40:24,963 ] 81 root - INFO - Hypothesis bh_000: float64, float64 
[ 2022-12-25 15:40:24,971 ] 81 root - INFO - Hypothesis bi_000: float64, float64 
[ 2022-12-25 15:40:24,979 ] 81 root - INFO - Hypothesis bj_000: float64, float64 
[ 2022-12-25 15:40:24,987 ] 81 root - INFO - Hypothesis bk_000: float64, float64 
[ 2022-12-25 15:40:24,995 ] 81 root - INFO - Hypothesis bl_000: float64, float64 
[ 2022-12-25 15:40:25,002 ] 81 root - INFO - Hypothesis bm_000: float64, float64 
[ 2022-12-25 15:40:25,009 ] 81 root - INFO - Hypothesis bs_000: float64, float64 
[ 2022-12-25 15:40:25,017 ] 81 root - INFO - Hypothesis bt_000: float64, float64 
[ 2022-12-25 15:40:25,026 ] 81 root - INFO - Hypothesis bu_000: float64, float64 
[ 2022-12-25 15:40:25,035 ] 81 root - INFO - Hypothesis bv_000: float64, float64 
[ 2022-12-25 15:40:25,043 ] 81 root - INFO - Hypothesis bx_000: float64, float64 
[ 2022-12-25 15:40:25,052 ] 81 root - INFO - Hypothesis by_000: float64, float64 
[ 2022-12-25 15:40:25,061 ] 81 root - INFO - Hypothesis bz_000: float64, float64 
[ 2022-12-25 15:40:25,069 ] 81 root - INFO - Hypothesis ca_000: float64, float64 
[ 2022-12-25 15:40:25,078 ] 81 root - INFO - Hypothesis cb_000: float64, float64 
[ 2022-12-25 15:40:25,086 ] 81 root - INFO - Hypothesis cc_000: float64, float64 
[ 2022-12-25 15:40:25,094 ] 81 root - INFO - Hypothesis cd_000: float64, float64 
[ 2022-12-25 15:40:25,121 ] 81 root - INFO - Hypothesis ce_000: float64, float64 
[ 2022-12-25 15:40:25,129 ] 81 root - INFO - Hypothesis cf_000: float64, float64 
[ 2022-12-25 15:40:25,136 ] 81 root - INFO - Hypothesis cg_000: float64, float64 
[ 2022-12-25 15:40:25,143 ] 81 root - INFO - Hypothesis ch_000: float64, float64 
[ 2022-12-25 15:40:25,150 ] 81 root - INFO - Hypothesis ci_000: float64, float64 
[ 2022-12-25 15:40:25,158 ] 81 root - INFO - Hypothesis cj_000: float64, float64 
[ 2022-12-25 15:40:25,165 ] 81 root - INFO - Hypothesis ck_000: float64, float64 
[ 2022-12-25 15:40:25,173 ] 81 root - INFO - Hypothesis cl_000: float64, float64 
[ 2022-12-25 15:40:25,202 ] 81 root - INFO - Hypothesis cm_000: float64, float64 
[ 2022-12-25 15:40:25,210 ] 81 root - INFO - Hypothesis cn_000: float64, float64 
[ 2022-12-25 15:40:25,237 ] 81 root - INFO - Hypothesis cn_001: float64, float64 
[ 2022-12-25 15:40:25,244 ] 81 root - INFO - Hypothesis cn_002: float64, float64 
[ 2022-12-25 15:40:25,271 ] 81 root - INFO - Hypothesis cn_003: float64, float64 
[ 2022-12-25 15:40:25,279 ] 81 root - INFO - Hypothesis cn_004: float64, float64 
[ 2022-12-25 15:40:25,288 ] 81 root - INFO - Hypothesis cn_005: float64, float64 
[ 2022-12-25 15:40:25,296 ] 81 root - INFO - Hypothesis cn_006: float64, float64 
[ 2022-12-25 15:40:25,304 ] 81 root - INFO - Hypothesis cn_007: float64, float64 
[ 2022-12-25 15:40:25,313 ] 81 root - INFO - Hypothesis cn_008: float64, float64 
[ 2022-12-25 15:40:25,321 ] 81 root - INFO - Hypothesis cn_009: float64, float64 
[ 2022-12-25 15:40:25,329 ] 81 root - INFO - Hypothesis co_000: float64, float64 
[ 2022-12-25 15:40:25,336 ] 81 root - INFO - Hypothesis cp_000: float64, float64 
[ 2022-12-25 15:40:25,344 ] 81 root - INFO - Hypothesis cq_000: float64, float64 
[ 2022-12-25 15:40:25,353 ] 81 root - INFO - Hypothesis cs_000: float64, float64 
[ 2022-12-25 15:40:25,362 ] 81 root - INFO - Hypothesis cs_001: float64, float64 
[ 2022-12-25 15:40:25,370 ] 81 root - INFO - Hypothesis cs_002: float64, float64 
[ 2022-12-25 15:40:25,379 ] 81 root - INFO - Hypothesis cs_003: float64, float64 
[ 2022-12-25 15:40:25,387 ] 81 root - INFO - Hypothesis cs_004: float64, float64 
[ 2022-12-25 15:40:25,395 ] 81 root - INFO - Hypothesis cs_005: float64, float64 
[ 2022-12-25 15:40:25,404 ] 81 root - INFO - Hypothesis cs_006: float64, float64 
[ 2022-12-25 15:40:25,412 ] 81 root - INFO - Hypothesis cs_007: float64, float64 
[ 2022-12-25 15:40:25,423 ] 81 root - INFO - Hypothesis cs_008: float64, float64 
[ 2022-12-25 15:40:25,432 ] 81 root - INFO - Hypothesis cs_009: float64, float64 
[ 2022-12-25 15:40:25,463 ] 81 root - INFO - Hypothesis ct_000: float64, float64 
[ 2022-12-25 15:40:25,471 ] 81 root - INFO - Hypothesis cu_000: float64, float64 
[ 2022-12-25 15:40:25,479 ] 81 root - INFO - Hypothesis cv_000: float64, float64 
[ 2022-12-25 15:40:25,489 ] 81 root - INFO - Hypothesis cx_000: float64, float64 
[ 2022-12-25 15:40:25,497 ] 81 root - INFO - Hypothesis cy_000: float64, float64 
[ 2022-12-25 15:40:25,529 ] 81 root - INFO - Hypothesis cz_000: float64, float64 
[ 2022-12-25 15:40:25,538 ] 81 root - INFO - Hypothesis da_000: float64, float64 
[ 2022-12-25 15:40:25,567 ] 81 root - INFO - Hypothesis db_000: float64, float64 
[ 2022-12-25 15:40:25,574 ] 81 root - INFO - Hypothesis dc_000: float64, float64 
[ 2022-12-25 15:40:25,582 ] 81 root - INFO - Hypothesis dd_000: float64, float64 
[ 2022-12-25 15:40:25,591 ] 81 root - INFO - Hypothesis de_000: float64, float64 
[ 2022-12-25 15:40:25,599 ] 81 root - INFO - Hypothesis df_000: float64, float64 
[ 2022-12-25 15:40:25,627 ] 81 root - INFO - Hypothesis dg_000: float64, float64 
[ 2022-12-25 15:40:25,656 ] 81 root - INFO - Hypothesis dh_000: float64, float64 
[ 2022-12-25 15:40:25,684 ] 81 root - INFO - Hypothesis di_000: float64, float64 
[ 2022-12-25 15:40:25,691 ] 81 root - INFO - Hypothesis dj_000: float64, float64 
[ 2022-12-25 15:40:25,719 ] 81 root - INFO - Hypothesis dk_000: float64, float64 
[ 2022-12-25 15:40:25,747 ] 81 root - INFO - Hypothesis dl_000: float64, float64 
[ 2022-12-25 15:40:25,780 ] 81 root - INFO - Hypothesis dm_000: float64, float64 
[ 2022-12-25 15:40:25,809 ] 81 root - INFO - Hypothesis dn_000: float64, float64 
[ 2022-12-25 15:40:25,818 ] 81 root - INFO - Hypothesis do_000: float64, float64 
[ 2022-12-25 15:40:25,826 ] 81 root - INFO - Hypothesis dp_000: float64, float64 
[ 2022-12-25 15:40:25,835 ] 81 root - INFO - Hypothesis dq_000: float64, float64 
[ 2022-12-25 15:40:25,841 ] 81 root - INFO - Hypothesis dr_000: float64, float64 
[ 2022-12-25 15:40:25,848 ] 81 root - INFO - Hypothesis ds_000: float64, float64 
[ 2022-12-25 15:40:25,857 ] 81 root - INFO - Hypothesis dt_000: float64, float64 
[ 2022-12-25 15:40:25,866 ] 81 root - INFO - Hypothesis du_000: float64, float64 
[ 2022-12-25 15:40:25,875 ] 81 root - INFO - Hypothesis dv_000: float64, float64 
[ 2022-12-25 15:40:25,883 ] 81 root - INFO - Hypothesis dx_000: float64, float64 
[ 2022-12-25 15:40:25,890 ] 81 root - INFO - Hypothesis dy_000: float64, float64 
[ 2022-12-25 15:40:25,897 ] 81 root - INFO - Hypothesis dz_000: float64, float64 
[ 2022-12-25 15:40:25,925 ] 81 root - INFO - Hypothesis ea_000: float64, float64 
[ 2022-12-25 15:40:25,955 ] 81 root - INFO - Hypothesis eb_000: float64, float64 
[ 2022-12-25 15:40:25,963 ] 81 root - INFO - Hypothesis ec_00: float64, float64 
[ 2022-12-25 15:40:25,971 ] 81 root - INFO - Hypothesis ed_000: float64, float64 
[ 2022-12-25 15:40:25,980 ] 81 root - INFO - Hypothesis ee_000: float64, float64 
[ 2022-12-25 15:40:25,988 ] 81 root - INFO - Hypothesis ee_001: float64, float64 
[ 2022-12-25 15:40:25,997 ] 81 root - INFO - Hypothesis ee_002: float64, float64 
[ 2022-12-25 15:40:26,005 ] 81 root - INFO - Hypothesis ee_003: float64, float64 
[ 2022-12-25 15:40:26,013 ] 81 root - INFO - Hypothesis ee_004: float64, float64 
[ 2022-12-25 15:40:26,022 ] 81 root - INFO - Hypothesis ee_005: float64, float64 
[ 2022-12-25 15:40:26,030 ] 81 root - INFO - Hypothesis ee_006: float64, float64 
[ 2022-12-25 15:40:26,039 ] 81 root - INFO - Hypothesis ee_007: float64, float64 
[ 2022-12-25 15:40:26,047 ] 81 root - INFO - Hypothesis ee_008: float64, float64 
[ 2022-12-25 15:40:26,055 ] 81 root - INFO - Hypothesis ee_009: float64, float64 
[ 2022-12-25 15:40:26,084 ] 81 root - INFO - Hypothesis ef_000: float64, float64 
[ 2022-12-25 15:40:26,113 ] 81 root - INFO - Hypothesis eg_000: float64, float64 
[ 2022-12-25 15:40:26,142 ] 140 root - INFO - Write reprt in yaml file
[ 2022-12-25 15:40:26,199 ] 145 root - INFO - Data validation artifact: DataValidationArtifact(report_file_path='/home/dataguy/sensor_fault_detection/artifact/12252022__153711/data_validation/report.yaml')
[ 2022-12-25 15:40:26,202 ] 24 root - INFO - >>>>>>>>>>>>>>>>>>>>>>>>>>>>>>>>>>>>>>>> Data Transformation <<<<<<<<<<<<<<<<<<<<<<<<<<<<<<<<<<<<<<<<
[ 2022-12-25 15:40:28,670 ] 75 root - INFO - Before resampling in training set Input: (81423, 170) Target:(81423,)
[ 2022-12-25 15:42:36,542 ] 77 root - INFO - After resampling in training set Input: (158414, 170) Target:(158414,)
[ 2022-12-25 15:42:36,542 ] 79 root - INFO - Before resampling in testing set Input: (27141, 170) Target:(27141,)
[ 2022-12-25 15:42:52,174 ] 81 root - INFO - After resampling in testing set Input: (52646, 170) Target:(52646,)
[ 2022-12-25 15:42:52,548 ] 55 root - INFO - Entered the save_object method of utils
[ 2022-12-25 15:42:52,550 ] 59 root - INFO - Exited the save_object method of utils
[ 2022-12-25 15:42:52,550 ] 55 root - INFO - Entered the save_object method of utils
[ 2022-12-25 15:42:52,550 ] 59 root - INFO - Exited the save_object method of utils
[ 2022-12-25 15:42:52,551 ] 112 root - INFO - Data transformation object DataTransformationArtifact(transform_object_path='/home/dataguy/sensor_fault_detection/artifact/12252022__153711/data_transformation/transformer/transformer.pkl', transformed_train_path='/home/dataguy/sensor_fault_detection/artifact/12252022__153711/data_transformation/transformed/train.npz', transformed_test_path='/home/dataguy/sensor_fault_detection/artifact/12252022__153711/data_transformation/transformed/test.npz', target_encoder_path='/home/dataguy/sensor_fault_detection/artifact/12252022__153711/data_transformation/target_encoder/target_encoder.pkl')
