[ 2022-12-31 14:59:24,392 ] 21 root - INFO - Exporting collection data as pandas dataframe
[ 2022-12-31 14:59:24,392 ] 21 root - INFO - Reading data from database: sensor and collection: sensor_data
[ 2022-12-31 15:03:08,385 ] 25 root - INFO - Found columns: Index(['_id', 'class', 'aa_000', 'ab_000', 'ac_000', 'ad_000', 'ae_000',
       'af_000', 'ag_000', 'ag_001',
       ...
       'ee_002', 'ee_003', 'ee_004', 'ee_005', 'ee_006', 'ee_007', 'ee_008',
       'ee_009', 'ef_000', 'eg_000'],
      dtype='object', length=172)
[ 2022-12-31 15:03:08,385 ] 27 root - INFO - Dropping column: _id 
[ 2022-12-31 15:03:08,868 ] 29 root - INFO - Row and columns in df: (108564, 171)
[ 2022-12-31 15:03:09,249 ] 28 root - INFO - Save data in feature store
[ 2022-12-31 15:03:10,173 ] 34 root - INFO - Create feature store folder if not available
[ 2022-12-31 15:03:10,173 ] 38 root - INFO - Save df to feature store folder
[ 2022-12-31 15:03:14,426 ] 43 root - INFO - split dataset into train and test set
[ 2022-12-31 15:03:15,686 ] 47 root - INFO - create dataset directory folder if not available
[ 2022-12-31 15:03:15,687 ] 52 root - INFO - Save df to feature store folder
[ 2022-12-31 15:03:19,075 ] 64 root - INFO - Data ingestion artifact: DataIngestionArtifact(feature_store_file_path='/home/dataguy/sensor_fault_detection/artifact/12312022__145924/data_ingestion/feature_store/sensor.csv', train_file_path='/home/dataguy/sensor_fault_detection/artifact/12312022__145924/data_ingestion/dataset/train.csv', test_file_path='/home/dataguy/sensor_fault_detection/artifact/12312022__145924/data_ingestion/dataset/test.csv')
[ 2022-12-31 15:03:19,940 ] 17 root - INFO - >>>>>>>>>>>>>>>>>>>>>>>>>>>>>>>>>>>>>>>> Data Validation <<<<<<<<<<<<<<<<<<<<<<<<<<<<<<<<<<<<<<<<
[ 2022-12-31 15:03:19,940 ] 103 root - INFO - Reading base dataframe
[ 2022-12-31 15:03:21,519 ] 106 root - INFO - Replace na value in base df
[ 2022-12-31 15:03:21,519 ] 108 root - INFO - Drop null values colums from base df
[ 2022-12-31 15:03:21,756 ] 38 root - INFO - selecting column name which contains null above to 0.7
[ 2022-12-31 15:03:21,756 ] 41 root - INFO - Columns to drop: ['ab_000', 'bn_000', 'bo_000', 'bp_000', 'bq_000', 'br_000', 'cr_000']
[ 2022-12-31 15:03:21,810 ] 111 root - INFO - Reading train dataframe
[ 2022-12-31 15:03:22,722 ] 113 root - INFO - Reading test dataframe
[ 2022-12-31 15:03:23,029 ] 116 root - INFO - Drop null values colums from train df
[ 2022-12-31 15:03:23,053 ] 38 root - INFO - selecting column name which contains null above to 0.7
[ 2022-12-31 15:03:23,053 ] 41 root - INFO - Columns to drop: ['ab_000', 'bn_000', 'bo_000', 'bp_000', 'bq_000', 'br_000', 'cr_000']
[ 2022-12-31 15:03:23,063 ] 118 root - INFO - Drop null values colums from test df
[ 2022-12-31 15:03:23,072 ] 38 root - INFO - selecting column name which contains null above to 0.7
[ 2022-12-31 15:03:23,072 ] 41 root - INFO - Columns to drop: ['ab_000', 'bn_000', 'bo_000', 'bp_000', 'bq_000', 'br_000', 'cr_000']
[ 2022-12-31 15:03:27,238 ] 127 root - INFO - Is all required columns present in train df
[ 2022-12-31 15:03:27,238 ] 129 root - INFO - Is all required columns present in test df
[ 2022-12-31 15:03:27,238 ] 133 root - INFO - As all column are available in train df hence detecting data drift
[ 2022-12-31 15:03:27,238 ] 81 root - INFO - Hypothesis class: object, object 
[ 2022-12-31 15:03:27,418 ] 81 root - INFO - Hypothesis aa_000: float64, float64 
[ 2022-12-31 15:03:27,465 ] 81 root - INFO - Hypothesis ac_000: float64, float64 
[ 2022-12-31 15:03:27,509 ] 81 root - INFO - Hypothesis ad_000: float64, float64 
[ 2022-12-31 15:03:27,523 ] 81 root - INFO - Hypothesis ae_000: float64, float64 
[ 2022-12-31 15:03:27,565 ] 81 root - INFO - Hypothesis af_000: float64, float64 
[ 2022-12-31 15:03:27,607 ] 81 root - INFO - Hypothesis ag_000: float64, float64 
[ 2022-12-31 15:03:27,648 ] 81 root - INFO - Hypothesis ag_001: float64, float64 
[ 2022-12-31 15:03:27,691 ] 81 root - INFO - Hypothesis ag_002: float64, float64 
[ 2022-12-31 15:03:27,733 ] 81 root - INFO - Hypothesis ag_003: float64, float64 
[ 2022-12-31 15:03:27,776 ] 81 root - INFO - Hypothesis ag_004: float64, float64 
[ 2022-12-31 15:03:27,791 ] 81 root - INFO - Hypothesis ag_005: float64, float64 
[ 2022-12-31 15:03:27,837 ] 81 root - INFO - Hypothesis ag_006: float64, float64 
[ 2022-12-31 15:03:27,976 ] 81 root - INFO - Hypothesis ag_007: float64, float64 
[ 2022-12-31 15:03:28,036 ] 81 root - INFO - Hypothesis ag_008: float64, float64 
[ 2022-12-31 15:03:28,081 ] 81 root - INFO - Hypothesis ag_009: float64, float64 
[ 2022-12-31 15:03:28,125 ] 81 root - INFO - Hypothesis ah_000: float64, float64 
[ 2022-12-31 15:03:28,171 ] 81 root - INFO - Hypothesis ai_000: float64, float64 
[ 2022-12-31 15:03:28,214 ] 81 root - INFO - Hypothesis aj_000: float64, float64 
[ 2022-12-31 15:03:28,257 ] 81 root - INFO - Hypothesis ak_000: float64, float64 
[ 2022-12-31 15:03:28,299 ] 81 root - INFO - Hypothesis al_000: float64, float64 
[ 2022-12-31 15:03:28,342 ] 81 root - INFO - Hypothesis am_0: float64, float64 
[ 2022-12-31 15:03:28,386 ] 81 root - INFO - Hypothesis an_000: float64, float64 
[ 2022-12-31 15:03:28,433 ] 81 root - INFO - Hypothesis ao_000: float64, float64 
[ 2022-12-31 15:03:28,480 ] 81 root - INFO - Hypothesis ap_000: float64, float64 
[ 2022-12-31 15:03:28,495 ] 81 root - INFO - Hypothesis aq_000: float64, float64 
[ 2022-12-31 15:03:28,635 ] 81 root - INFO - Hypothesis ar_000: float64, float64 
[ 2022-12-31 15:03:28,692 ] 81 root - INFO - Hypothesis as_000: float64, float64 
[ 2022-12-31 15:03:28,734 ] 81 root - INFO - Hypothesis at_000: float64, float64 
[ 2022-12-31 15:03:28,776 ] 81 root - INFO - Hypothesis au_000: float64, float64 
[ 2022-12-31 15:03:28,818 ] 81 root - INFO - Hypothesis av_000: float64, float64 
[ 2022-12-31 15:03:28,863 ] 81 root - INFO - Hypothesis ax_000: float64, float64 
[ 2022-12-31 15:03:28,907 ] 81 root - INFO - Hypothesis ay_000: float64, float64 
[ 2022-12-31 15:03:28,949 ] 81 root - INFO - Hypothesis ay_001: float64, float64 
[ 2022-12-31 15:03:28,991 ] 81 root - INFO - Hypothesis ay_002: float64, float64 
[ 2022-12-31 15:03:29,033 ] 81 root - INFO - Hypothesis ay_003: float64, float64 
[ 2022-12-31 15:03:29,085 ] 81 root - INFO - Hypothesis ay_004: float64, float64 
[ 2022-12-31 15:03:29,127 ] 81 root - INFO - Hypothesis ay_005: float64, float64 
[ 2022-12-31 15:03:29,140 ] 81 root - INFO - Hypothesis ay_006: float64, float64 
[ 2022-12-31 15:03:29,277 ] 81 root - INFO - Hypothesis ay_007: float64, float64 
[ 2022-12-31 15:03:29,430 ] 81 root - INFO - Hypothesis ay_008: float64, float64 
[ 2022-12-31 15:03:29,489 ] 81 root - INFO - Hypothesis ay_009: float64, float64 
[ 2022-12-31 15:03:29,531 ] 81 root - INFO - Hypothesis az_000: float64, float64 
[ 2022-12-31 15:03:29,578 ] 81 root - INFO - Hypothesis az_001: float64, float64 
[ 2022-12-31 15:03:29,593 ] 81 root - INFO - Hypothesis az_002: float64, float64 
[ 2022-12-31 15:03:29,607 ] 81 root - INFO - Hypothesis az_003: float64, float64 
[ 2022-12-31 15:03:29,654 ] 81 root - INFO - Hypothesis az_004: float64, float64 
[ 2022-12-31 15:03:29,701 ] 81 root - INFO - Hypothesis az_005: float64, float64 
[ 2022-12-31 15:03:29,748 ] 81 root - INFO - Hypothesis az_006: float64, float64 
[ 2022-12-31 15:03:29,762 ] 81 root - INFO - Hypothesis az_007: float64, float64 
[ 2022-12-31 15:03:29,805 ] 81 root - INFO - Hypothesis az_008: float64, float64 
[ 2022-12-31 15:03:29,847 ] 81 root - INFO - Hypothesis az_009: float64, float64 
[ 2022-12-31 15:03:29,889 ] 81 root - INFO - Hypothesis ba_000: float64, float64 
[ 2022-12-31 15:03:29,936 ] 81 root - INFO - Hypothesis ba_001: float64, float64 
[ 2022-12-31 15:03:29,982 ] 81 root - INFO - Hypothesis ba_002: float64, float64 
[ 2022-12-31 15:03:30,028 ] 81 root - INFO - Hypothesis ba_003: float64, float64 
[ 2022-12-31 15:03:30,075 ] 81 root - INFO - Hypothesis ba_004: float64, float64 
[ 2022-12-31 15:03:30,121 ] 81 root - INFO - Hypothesis ba_005: float64, float64 
[ 2022-12-31 15:03:30,259 ] 81 root - INFO - Hypothesis ba_006: float64, float64 
[ 2022-12-31 15:03:30,319 ] 81 root - INFO - Hypothesis ba_007: float64, float64 
[ 2022-12-31 15:03:30,365 ] 81 root - INFO - Hypothesis ba_008: float64, float64 
[ 2022-12-31 15:03:30,410 ] 81 root - INFO - Hypothesis ba_009: float64, float64 
[ 2022-12-31 15:03:30,453 ] 81 root - INFO - Hypothesis bb_000: float64, float64 
[ 2022-12-31 15:03:30,594 ] 81 root - INFO - Hypothesis bc_000: float64, float64 
[ 2022-12-31 15:03:30,651 ] 81 root - INFO - Hypothesis bd_000: float64, float64 
[ 2022-12-31 15:03:30,698 ] 81 root - INFO - Hypothesis be_000: float64, float64 
[ 2022-12-31 15:03:30,744 ] 81 root - INFO - Hypothesis bf_000: float64, float64 
[ 2022-12-31 15:03:30,880 ] 81 root - INFO - Hypothesis bg_000: float64, float64 
[ 2022-12-31 15:03:30,940 ] 81 root - INFO - Hypothesis bh_000: float64, float64 
[ 2022-12-31 15:03:30,987 ] 81 root - INFO - Hypothesis bi_000: float64, float64 
[ 2022-12-31 15:03:31,002 ] 81 root - INFO - Hypothesis bj_000: float64, float64 
[ 2022-12-31 15:03:31,018 ] 81 root - INFO - Hypothesis bk_000: float64, float64 
[ 2022-12-31 15:03:31,031 ] 81 root - INFO - Hypothesis bl_000: float64, float64 
[ 2022-12-31 15:03:31,075 ] 81 root - INFO - Hypothesis bm_000: float64, float64 
[ 2022-12-31 15:03:31,118 ] 81 root - INFO - Hypothesis bs_000: float64, float64 
[ 2022-12-31 15:03:31,257 ] 81 root - INFO - Hypothesis bt_000: float64, float64 
[ 2022-12-31 15:03:31,317 ] 81 root - INFO - Hypothesis bu_000: float64, float64 
[ 2022-12-31 15:03:31,455 ] 81 root - INFO - Hypothesis bv_000: float64, float64 
[ 2022-12-31 15:03:31,608 ] 81 root - INFO - Hypothesis bx_000: float64, float64 
[ 2022-12-31 15:03:31,637 ] 81 root - INFO - Hypothesis by_000: float64, float64 
[ 2022-12-31 15:03:31,685 ] 81 root - INFO - Hypothesis bz_000: float64, float64 
[ 2022-12-31 15:03:31,700 ] 81 root - INFO - Hypothesis ca_000: float64, float64 
[ 2022-12-31 15:03:31,715 ] 81 root - INFO - Hypothesis cb_000: float64, float64 
[ 2022-12-31 15:03:31,731 ] 81 root - INFO - Hypothesis cc_000: float64, float64 
[ 2022-12-31 15:03:31,871 ] 81 root - INFO - Hypothesis cd_000: float64, float64 
[ 2022-12-31 15:03:31,927 ] 81 root - INFO - Hypothesis ce_000: float64, float64 
[ 2022-12-31 15:03:31,972 ] 81 root - INFO - Hypothesis cf_000: float64, float64 
[ 2022-12-31 15:03:31,983 ] 81 root - INFO - Hypothesis cg_000: float64, float64 
[ 2022-12-31 15:03:31,996 ] 81 root - INFO - Hypothesis ch_000: float64, float64 
[ 2022-12-31 15:03:32,130 ] 81 root - INFO - Hypothesis ci_000: float64, float64 
[ 2022-12-31 15:03:32,191 ] 81 root - INFO - Hypothesis cj_000: float64, float64 
[ 2022-12-31 15:03:32,234 ] 81 root - INFO - Hypothesis ck_000: float64, float64 
[ 2022-12-31 15:03:32,373 ] 81 root - INFO - Hypothesis cl_000: float64, float64 
[ 2022-12-31 15:03:32,430 ] 81 root - INFO - Hypothesis cm_000: float64, float64 
[ 2022-12-31 15:03:32,474 ] 81 root - INFO - Hypothesis cn_000: float64, float64 
[ 2022-12-31 15:03:32,516 ] 81 root - INFO - Hypothesis cn_001: float64, float64 
[ 2022-12-31 15:03:32,559 ] 81 root - INFO - Hypothesis cn_002: float64, float64 
[ 2022-12-31 15:03:32,604 ] 81 root - INFO - Hypothesis cn_003: float64, float64 
[ 2022-12-31 15:03:32,619 ] 81 root - INFO - Hypothesis cn_004: float64, float64 
[ 2022-12-31 15:03:32,757 ] 81 root - INFO - Hypothesis cn_005: float64, float64 
[ 2022-12-31 15:03:32,818 ] 81 root - INFO - Hypothesis cn_006: float64, float64 
[ 2022-12-31 15:03:32,864 ] 81 root - INFO - Hypothesis cn_007: float64, float64 
[ 2022-12-31 15:03:32,910 ] 81 root - INFO - Hypothesis cn_008: float64, float64 
[ 2022-12-31 15:03:33,051 ] 81 root - INFO - Hypothesis cn_009: float64, float64 
[ 2022-12-31 15:03:33,109 ] 81 root - INFO - Hypothesis co_000: float64, float64 
[ 2022-12-31 15:03:33,121 ] 81 root - INFO - Hypothesis cp_000: float64, float64 
[ 2022-12-31 15:03:33,258 ] 81 root - INFO - Hypothesis cq_000: float64, float64 
[ 2022-12-31 15:03:33,410 ] 81 root - INFO - Hypothesis cs_000: float64, float64 
[ 2022-12-31 15:03:33,439 ] 81 root - INFO - Hypothesis cs_001: float64, float64 
[ 2022-12-31 15:03:33,485 ] 81 root - INFO - Hypothesis cs_002: float64, float64 
[ 2022-12-31 15:03:33,531 ] 81 root - INFO - Hypothesis cs_003: float64, float64 
[ 2022-12-31 15:03:33,578 ] 81 root - INFO - Hypothesis cs_004: float64, float64 
[ 2022-12-31 15:03:33,716 ] 81 root - INFO - Hypothesis cs_005: float64, float64 
[ 2022-12-31 15:03:33,777 ] 81 root - INFO - Hypothesis cs_006: float64, float64 
[ 2022-12-31 15:03:33,915 ] 81 root - INFO - Hypothesis cs_007: float64, float64 
[ 2022-12-31 15:03:33,944 ] 81 root - INFO - Hypothesis cs_008: float64, float64 
[ 2022-12-31 15:03:33,989 ] 81 root - INFO - Hypothesis cs_009: float64, float64 
[ 2022-12-31 15:03:34,030 ] 81 root - INFO - Hypothesis ct_000: float64, float64 
[ 2022-12-31 15:03:34,044 ] 81 root - INFO - Hypothesis cu_000: float64, float64 
[ 2022-12-31 15:03:34,058 ] 81 root - INFO - Hypothesis cv_000: float64, float64 
[ 2022-12-31 15:03:34,072 ] 81 root - INFO - Hypothesis cx_000: float64, float64 
[ 2022-12-31 15:03:34,087 ] 81 root - INFO - Hypothesis cy_000: float64, float64 
[ 2022-12-31 15:03:34,098 ] 81 root - INFO - Hypothesis cz_000: float64, float64 
[ 2022-12-31 15:03:34,112 ] 81 root - INFO - Hypothesis da_000: float64, float64 
[ 2022-12-31 15:03:34,246 ] 81 root - INFO - Hypothesis db_000: float64, float64 
[ 2022-12-31 15:03:34,271 ] 81 root - INFO - Hypothesis dc_000: float64, float64 
[ 2022-12-31 15:03:34,286 ] 81 root - INFO - Hypothesis dd_000: float64, float64 
[ 2022-12-31 15:03:34,301 ] 81 root - INFO - Hypothesis de_000: float64, float64 
[ 2022-12-31 15:03:34,346 ] 81 root - INFO - Hypothesis df_000: float64, float64 
[ 2022-12-31 15:03:34,389 ] 81 root - INFO - Hypothesis dg_000: float64, float64 
[ 2022-12-31 15:03:34,431 ] 81 root - INFO - Hypothesis dh_000: float64, float64 
[ 2022-12-31 15:03:34,474 ] 81 root - INFO - Hypothesis di_000: float64, float64 
[ 2022-12-31 15:03:34,517 ] 81 root - INFO - Hypothesis dj_000: float64, float64 
[ 2022-12-31 15:03:34,559 ] 81 root - INFO - Hypothesis dk_000: float64, float64 
[ 2022-12-31 15:03:34,602 ] 81 root - INFO - Hypothesis dl_000: float64, float64 
[ 2022-12-31 15:03:34,645 ] 81 root - INFO - Hypothesis dm_000: float64, float64 
[ 2022-12-31 15:03:34,691 ] 81 root - INFO - Hypothesis dn_000: float64, float64 
[ 2022-12-31 15:03:34,707 ] 81 root - INFO - Hypothesis do_000: float64, float64 
[ 2022-12-31 15:03:34,721 ] 81 root - INFO - Hypothesis dp_000: float64, float64 
[ 2022-12-31 15:03:34,736 ] 81 root - INFO - Hypothesis dq_000: float64, float64 
[ 2022-12-31 15:03:34,778 ] 81 root - INFO - Hypothesis dr_000: float64, float64 
[ 2022-12-31 15:03:34,821 ] 81 root - INFO - Hypothesis ds_000: float64, float64 
[ 2022-12-31 15:03:34,960 ] 81 root - INFO - Hypothesis dt_000: float64, float64 
[ 2022-12-31 15:03:35,020 ] 81 root - INFO - Hypothesis du_000: float64, float64 
[ 2022-12-31 15:03:35,035 ] 81 root - INFO - Hypothesis dv_000: float64, float64 
[ 2022-12-31 15:03:35,050 ] 81 root - INFO - Hypothesis dx_000: float64, float64 
[ 2022-12-31 15:03:35,093 ] 81 root - INFO - Hypothesis dy_000: float64, float64 
[ 2022-12-31 15:03:35,136 ] 81 root - INFO - Hypothesis dz_000: float64, float64 
[ 2022-12-31 15:03:35,178 ] 81 root - INFO - Hypothesis ea_000: float64, float64 
[ 2022-12-31 15:03:35,220 ] 81 root - INFO - Hypothesis eb_000: float64, float64 
[ 2022-12-31 15:03:35,265 ] 81 root - INFO - Hypothesis ec_00: float64, float64 
[ 2022-12-31 15:03:35,311 ] 81 root - INFO - Hypothesis ed_000: float64, float64 
[ 2022-12-31 15:03:35,357 ] 81 root - INFO - Hypothesis ee_000: float64, float64 
[ 2022-12-31 15:03:35,496 ] 81 root - INFO - Hypothesis ee_001: float64, float64 
[ 2022-12-31 15:03:35,650 ] 81 root - INFO - Hypothesis ee_002: float64, float64 
[ 2022-12-31 15:03:35,710 ] 81 root - INFO - Hypothesis ee_003: float64, float64 
[ 2022-12-31 15:03:35,761 ] 81 root - INFO - Hypothesis ee_004: float64, float64 
[ 2022-12-31 15:03:35,812 ] 81 root - INFO - Hypothesis ee_005: float64, float64 
[ 2022-12-31 15:03:35,863 ] 81 root - INFO - Hypothesis ee_006: float64, float64 
[ 2022-12-31 15:03:35,913 ] 81 root - INFO - Hypothesis ee_007: float64, float64 
[ 2022-12-31 15:03:35,928 ] 81 root - INFO - Hypothesis ee_008: float64, float64 
[ 2022-12-31 15:03:35,942 ] 81 root - INFO - Hypothesis ee_009: float64, float64 
[ 2022-12-31 15:03:35,955 ] 81 root - INFO - Hypothesis ef_000: float64, float64 
[ 2022-12-31 15:03:35,997 ] 81 root - INFO - Hypothesis eg_000: float64, float64 
[ 2022-12-31 15:03:36,039 ] 136 root - INFO - As all column are available in test df hence detecting data drift
[ 2022-12-31 15:03:36,039 ] 81 root - INFO - Hypothesis class: object, object 
[ 2022-12-31 15:03:36,131 ] 81 root - INFO - Hypothesis aa_000: float64, float64 
[ 2022-12-31 15:03:36,139 ] 81 root - INFO - Hypothesis ac_000: float64, float64 
[ 2022-12-31 15:03:36,146 ] 81 root - INFO - Hypothesis ad_000: float64, float64 
[ 2022-12-31 15:03:36,153 ] 81 root - INFO - Hypothesis ae_000: float64, float64 
[ 2022-12-31 15:03:36,178 ] 81 root - INFO - Hypothesis af_000: float64, float64 
[ 2022-12-31 15:03:36,203 ] 81 root - INFO - Hypothesis ag_000: float64, float64 
[ 2022-12-31 15:03:36,228 ] 81 root - INFO - Hypothesis ag_001: float64, float64 
[ 2022-12-31 15:03:36,253 ] 81 root - INFO - Hypothesis ag_002: float64, float64 
[ 2022-12-31 15:03:36,278 ] 81 root - INFO - Hypothesis ag_003: float64, float64 
[ 2022-12-31 15:03:36,303 ] 81 root - INFO - Hypothesis ag_004: float64, float64 
[ 2022-12-31 15:03:36,311 ] 81 root - INFO - Hypothesis ag_005: float64, float64 
[ 2022-12-31 15:03:36,319 ] 81 root - INFO - Hypothesis ag_006: float64, float64 
[ 2022-12-31 15:03:36,327 ] 81 root - INFO - Hypothesis ag_007: float64, float64 
[ 2022-12-31 15:03:36,334 ] 81 root - INFO - Hypothesis ag_008: float64, float64 
[ 2022-12-31 15:03:36,341 ] 81 root - INFO - Hypothesis ag_009: float64, float64 
[ 2022-12-31 15:03:36,348 ] 81 root - INFO - Hypothesis ah_000: float64, float64 
[ 2022-12-31 15:03:36,356 ] 81 root - INFO - Hypothesis ai_000: float64, float64 
[ 2022-12-31 15:03:36,381 ] 81 root - INFO - Hypothesis aj_000: float64, float64 
[ 2022-12-31 15:03:36,410 ] 81 root - INFO - Hypothesis ak_000: float64, float64 
[ 2022-12-31 15:03:36,416 ] 81 root - INFO - Hypothesis al_000: float64, float64 
[ 2022-12-31 15:03:36,423 ] 81 root - INFO - Hypothesis am_0: float64, float64 
[ 2022-12-31 15:03:36,429 ] 81 root - INFO - Hypothesis an_000: float64, float64 
[ 2022-12-31 15:03:36,437 ] 81 root - INFO - Hypothesis ao_000: float64, float64 
[ 2022-12-31 15:03:36,445 ] 81 root - INFO - Hypothesis ap_000: float64, float64 
[ 2022-12-31 15:03:36,453 ] 81 root - INFO - Hypothesis aq_000: float64, float64 
[ 2022-12-31 15:03:36,461 ] 81 root - INFO - Hypothesis ar_000: float64, float64 
[ 2022-12-31 15:03:36,486 ] 81 root - INFO - Hypothesis as_000: float64, float64 
[ 2022-12-31 15:03:36,511 ] 81 root - INFO - Hypothesis at_000: float64, float64 
[ 2022-12-31 15:03:36,536 ] 81 root - INFO - Hypothesis au_000: float64, float64 
[ 2022-12-31 15:03:36,561 ] 81 root - INFO - Hypothesis av_000: float64, float64 
[ 2022-12-31 15:03:36,568 ] 81 root - INFO - Hypothesis ax_000: float64, float64 
[ 2022-12-31 15:03:36,576 ] 81 root - INFO - Hypothesis ay_000: float64, float64 
[ 2022-12-31 15:03:36,601 ] 81 root - INFO - Hypothesis ay_001: float64, float64 
[ 2022-12-31 15:03:36,626 ] 81 root - INFO - Hypothesis ay_002: float64, float64 
[ 2022-12-31 15:03:36,651 ] 81 root - INFO - Hypothesis ay_003: float64, float64 
[ 2022-12-31 15:03:36,676 ] 81 root - INFO - Hypothesis ay_004: float64, float64 
[ 2022-12-31 15:03:36,702 ] 81 root - INFO - Hypothesis ay_005: float64, float64 
[ 2022-12-31 15:03:36,709 ] 81 root - INFO - Hypothesis ay_006: float64, float64 
[ 2022-12-31 15:03:36,716 ] 81 root - INFO - Hypothesis ay_007: float64, float64 
[ 2022-12-31 15:03:36,723 ] 81 root - INFO - Hypothesis ay_008: float64, float64 
[ 2022-12-31 15:03:36,750 ] 81 root - INFO - Hypothesis ay_009: float64, float64 
[ 2022-12-31 15:03:36,776 ] 81 root - INFO - Hypothesis az_000: float64, float64 
[ 2022-12-31 15:03:36,784 ] 81 root - INFO - Hypothesis az_001: float64, float64 
[ 2022-12-31 15:03:36,792 ] 81 root - INFO - Hypothesis az_002: float64, float64 
[ 2022-12-31 15:03:36,800 ] 81 root - INFO - Hypothesis az_003: float64, float64 
[ 2022-12-31 15:03:36,808 ] 81 root - INFO - Hypothesis az_004: float64, float64 
[ 2022-12-31 15:03:36,815 ] 81 root - INFO - Hypothesis az_005: float64, float64 
[ 2022-12-31 15:03:36,823 ] 81 root - INFO - Hypothesis az_006: float64, float64 
[ 2022-12-31 15:03:36,831 ] 81 root - INFO - Hypothesis az_007: float64, float64 
[ 2022-12-31 15:03:36,837 ] 81 root - INFO - Hypothesis az_008: float64, float64 
[ 2022-12-31 15:03:36,862 ] 81 root - INFO - Hypothesis az_009: float64, float64 
[ 2022-12-31 15:03:36,887 ] 81 root - INFO - Hypothesis ba_000: float64, float64 
[ 2022-12-31 15:03:36,895 ] 81 root - INFO - Hypothesis ba_001: float64, float64 
[ 2022-12-31 15:03:36,903 ] 81 root - INFO - Hypothesis ba_002: float64, float64 
[ 2022-12-31 15:03:36,911 ] 81 root - INFO - Hypothesis ba_003: float64, float64 
[ 2022-12-31 15:03:36,919 ] 81 root - INFO - Hypothesis ba_004: float64, float64 
[ 2022-12-31 15:03:36,926 ] 81 root - INFO - Hypothesis ba_005: float64, float64 
[ 2022-12-31 15:03:36,934 ] 81 root - INFO - Hypothesis ba_006: float64, float64 
[ 2022-12-31 15:03:36,942 ] 81 root - INFO - Hypothesis ba_007: float64, float64 
[ 2022-12-31 15:03:36,949 ] 81 root - INFO - Hypothesis ba_008: float64, float64 
[ 2022-12-31 15:03:36,956 ] 81 root - INFO - Hypothesis ba_009: float64, float64 
[ 2022-12-31 15:03:36,963 ] 81 root - INFO - Hypothesis bb_000: float64, float64 
[ 2022-12-31 15:03:36,971 ] 81 root - INFO - Hypothesis bc_000: float64, float64 
[ 2022-12-31 15:03:36,978 ] 81 root - INFO - Hypothesis bd_000: float64, float64 
[ 2022-12-31 15:03:36,985 ] 81 root - INFO - Hypothesis be_000: float64, float64 
[ 2022-12-31 15:03:36,993 ] 81 root - INFO - Hypothesis bf_000: float64, float64 
[ 2022-12-31 15:03:36,999 ] 81 root - INFO - Hypothesis bg_000: float64, float64 
[ 2022-12-31 15:03:37,007 ] 81 root - INFO - Hypothesis bh_000: float64, float64 
[ 2022-12-31 15:03:37,015 ] 81 root - INFO - Hypothesis bi_000: float64, float64 
[ 2022-12-31 15:03:37,023 ] 81 root - INFO - Hypothesis bj_000: float64, float64 
[ 2022-12-31 15:03:37,031 ] 81 root - INFO - Hypothesis bk_000: float64, float64 
[ 2022-12-31 15:03:37,038 ] 81 root - INFO - Hypothesis bl_000: float64, float64 
[ 2022-12-31 15:03:37,045 ] 81 root - INFO - Hypothesis bm_000: float64, float64 
[ 2022-12-31 15:03:37,051 ] 81 root - INFO - Hypothesis bs_000: float64, float64 
[ 2022-12-31 15:03:37,060 ] 81 root - INFO - Hypothesis bt_000: float64, float64 
[ 2022-12-31 15:03:37,067 ] 81 root - INFO - Hypothesis bu_000: float64, float64 
[ 2022-12-31 15:03:37,075 ] 81 root - INFO - Hypothesis bv_000: float64, float64 
[ 2022-12-31 15:03:37,083 ] 81 root - INFO - Hypothesis bx_000: float64, float64 
[ 2022-12-31 15:03:37,090 ] 81 root - INFO - Hypothesis by_000: float64, float64 
[ 2022-12-31 15:03:37,099 ] 81 root - INFO - Hypothesis bz_000: float64, float64 
[ 2022-12-31 15:03:37,106 ] 81 root - INFO - Hypothesis ca_000: float64, float64 
[ 2022-12-31 15:03:37,115 ] 81 root - INFO - Hypothesis cb_000: float64, float64 
[ 2022-12-31 15:03:37,123 ] 81 root - INFO - Hypothesis cc_000: float64, float64 
[ 2022-12-31 15:03:37,131 ] 81 root - INFO - Hypothesis cd_000: float64, float64 
[ 2022-12-31 15:03:37,157 ] 81 root - INFO - Hypothesis ce_000: float64, float64 
[ 2022-12-31 15:03:37,164 ] 81 root - INFO - Hypothesis cf_000: float64, float64 
[ 2022-12-31 15:03:37,170 ] 81 root - INFO - Hypothesis cg_000: float64, float64 
[ 2022-12-31 15:03:37,177 ] 81 root - INFO - Hypothesis ch_000: float64, float64 
[ 2022-12-31 15:03:37,183 ] 81 root - INFO - Hypothesis ci_000: float64, float64 
[ 2022-12-31 15:03:37,191 ] 81 root - INFO - Hypothesis cj_000: float64, float64 
[ 2022-12-31 15:03:37,197 ] 81 root - INFO - Hypothesis ck_000: float64, float64 
[ 2022-12-31 15:03:37,205 ] 81 root - INFO - Hypothesis cl_000: float64, float64 
[ 2022-12-31 15:03:37,211 ] 81 root - INFO - Hypothesis cm_000: float64, float64 
[ 2022-12-31 15:03:37,218 ] 81 root - INFO - Hypothesis cn_000: float64, float64 
[ 2022-12-31 15:03:37,243 ] 81 root - INFO - Hypothesis cn_001: float64, float64 
[ 2022-12-31 15:03:37,270 ] 81 root - INFO - Hypothesis cn_002: float64, float64 
[ 2022-12-31 15:03:37,277 ] 81 root - INFO - Hypothesis cn_003: float64, float64 
[ 2022-12-31 15:03:37,285 ] 81 root - INFO - Hypothesis cn_004: float64, float64 
[ 2022-12-31 15:03:37,293 ] 81 root - INFO - Hypothesis cn_005: float64, float64 
[ 2022-12-31 15:03:37,300 ] 81 root - INFO - Hypothesis cn_006: float64, float64 
[ 2022-12-31 15:03:37,308 ] 81 root - INFO - Hypothesis cn_007: float64, float64 
[ 2022-12-31 15:03:37,316 ] 81 root - INFO - Hypothesis cn_008: float64, float64 
[ 2022-12-31 15:03:37,324 ] 81 root - INFO - Hypothesis cn_009: float64, float64 
[ 2022-12-31 15:03:37,331 ] 81 root - INFO - Hypothesis co_000: float64, float64 
[ 2022-12-31 15:03:37,337 ] 81 root - INFO - Hypothesis cp_000: float64, float64 
[ 2022-12-31 15:03:37,344 ] 81 root - INFO - Hypothesis cq_000: float64, float64 
[ 2022-12-31 15:03:37,352 ] 81 root - INFO - Hypothesis cs_000: float64, float64 
[ 2022-12-31 15:03:37,360 ] 81 root - INFO - Hypothesis cs_001: float64, float64 
[ 2022-12-31 15:03:37,368 ] 81 root - INFO - Hypothesis cs_002: float64, float64 
[ 2022-12-31 15:03:37,376 ] 81 root - INFO - Hypothesis cs_003: float64, float64 
[ 2022-12-31 15:03:37,383 ] 81 root - INFO - Hypothesis cs_004: float64, float64 
[ 2022-12-31 15:03:37,391 ] 81 root - INFO - Hypothesis cs_005: float64, float64 
[ 2022-12-31 15:03:37,399 ] 81 root - INFO - Hypothesis cs_006: float64, float64 
[ 2022-12-31 15:03:37,408 ] 81 root - INFO - Hypothesis cs_007: float64, float64 
[ 2022-12-31 15:03:37,416 ] 81 root - INFO - Hypothesis cs_008: float64, float64 
[ 2022-12-31 15:03:37,423 ] 81 root - INFO - Hypothesis cs_009: float64, float64 
[ 2022-12-31 15:03:37,448 ] 81 root - INFO - Hypothesis ct_000: float64, float64 
[ 2022-12-31 15:03:37,456 ] 81 root - INFO - Hypothesis cu_000: float64, float64 
[ 2022-12-31 15:03:37,463 ] 81 root - INFO - Hypothesis cv_000: float64, float64 
[ 2022-12-31 15:03:37,470 ] 81 root - INFO - Hypothesis cx_000: float64, float64 
[ 2022-12-31 15:03:37,478 ] 81 root - INFO - Hypothesis cy_000: float64, float64 
[ 2022-12-31 15:03:37,484 ] 81 root - INFO - Hypothesis cz_000: float64, float64 
[ 2022-12-31 15:03:37,491 ] 81 root - INFO - Hypothesis da_000: float64, float64 
[ 2022-12-31 15:03:37,497 ] 81 root - INFO - Hypothesis db_000: float64, float64 
[ 2022-12-31 15:03:37,503 ] 81 root - INFO - Hypothesis dc_000: float64, float64 
[ 2022-12-31 15:03:37,510 ] 81 root - INFO - Hypothesis dd_000: float64, float64 
[ 2022-12-31 15:03:37,518 ] 81 root - INFO - Hypothesis de_000: float64, float64 
[ 2022-12-31 15:03:37,526 ] 81 root - INFO - Hypothesis df_000: float64, float64 
[ 2022-12-31 15:03:37,531 ] 81 root - INFO - Hypothesis dg_000: float64, float64 
[ 2022-12-31 15:03:37,537 ] 81 root - INFO - Hypothesis dh_000: float64, float64 
[ 2022-12-31 15:03:37,543 ] 81 root - INFO - Hypothesis di_000: float64, float64 
[ 2022-12-31 15:03:37,550 ] 81 root - INFO - Hypothesis dj_000: float64, float64 
[ 2022-12-31 15:03:37,556 ] 81 root - INFO - Hypothesis dk_000: float64, float64 
[ 2022-12-31 15:03:37,561 ] 81 root - INFO - Hypothesis dl_000: float64, float64 
[ 2022-12-31 15:03:37,567 ] 81 root - INFO - Hypothesis dm_000: float64, float64 
[ 2022-12-31 15:03:37,573 ] 81 root - INFO - Hypothesis dn_000: float64, float64 
[ 2022-12-31 15:03:37,581 ] 81 root - INFO - Hypothesis do_000: float64, float64 
[ 2022-12-31 15:03:37,589 ] 81 root - INFO - Hypothesis dp_000: float64, float64 
[ 2022-12-31 15:03:37,596 ] 81 root - INFO - Hypothesis dq_000: float64, float64 
[ 2022-12-31 15:03:37,622 ] 81 root - INFO - Hypothesis dr_000: float64, float64 
[ 2022-12-31 15:03:37,648 ] 81 root - INFO - Hypothesis ds_000: float64, float64 
[ 2022-12-31 15:03:37,656 ] 81 root - INFO - Hypothesis dt_000: float64, float64 
[ 2022-12-31 15:03:37,664 ] 81 root - INFO - Hypothesis du_000: float64, float64 
[ 2022-12-31 15:03:37,672 ] 81 root - INFO - Hypothesis dv_000: float64, float64 
[ 2022-12-31 15:03:37,680 ] 81 root - INFO - Hypothesis dx_000: float64, float64 
[ 2022-12-31 15:03:37,686 ] 81 root - INFO - Hypothesis dy_000: float64, float64 
[ 2022-12-31 15:03:37,693 ] 81 root - INFO - Hypothesis dz_000: float64, float64 
[ 2022-12-31 15:03:37,719 ] 81 root - INFO - Hypothesis ea_000: float64, float64 
[ 2022-12-31 15:03:37,744 ] 81 root - INFO - Hypothesis eb_000: float64, float64 
[ 2022-12-31 15:03:37,751 ] 81 root - INFO - Hypothesis ec_00: float64, float64 
[ 2022-12-31 15:03:37,759 ] 81 root - INFO - Hypothesis ed_000: float64, float64 
[ 2022-12-31 15:03:37,766 ] 81 root - INFO - Hypothesis ee_000: float64, float64 
[ 2022-12-31 15:03:37,774 ] 81 root - INFO - Hypothesis ee_001: float64, float64 
[ 2022-12-31 15:03:37,782 ] 81 root - INFO - Hypothesis ee_002: float64, float64 
[ 2022-12-31 15:03:37,790 ] 81 root - INFO - Hypothesis ee_003: float64, float64 
[ 2022-12-31 15:03:37,798 ] 81 root - INFO - Hypothesis ee_004: float64, float64 
[ 2022-12-31 15:03:37,805 ] 81 root - INFO - Hypothesis ee_005: float64, float64 
[ 2022-12-31 15:03:37,813 ] 81 root - INFO - Hypothesis ee_006: float64, float64 
[ 2022-12-31 15:03:37,821 ] 81 root - INFO - Hypothesis ee_007: float64, float64 
[ 2022-12-31 15:03:37,828 ] 81 root - INFO - Hypothesis ee_008: float64, float64 
[ 2022-12-31 15:03:37,836 ] 81 root - INFO - Hypothesis ee_009: float64, float64 
[ 2022-12-31 15:03:37,843 ] 81 root - INFO - Hypothesis ef_000: float64, float64 
[ 2022-12-31 15:03:37,867 ] 81 root - INFO - Hypothesis eg_000: float64, float64 
[ 2022-12-31 15:03:37,892 ] 140 root - INFO - Write reprt in yaml file
[ 2022-12-31 15:03:37,939 ] 145 root - INFO - Data validation artifact: DataValidationArtifact(report_file_path='/home/dataguy/sensor_fault_detection/artifact/12312022__145924/data_validation/report.yaml')
[ 2022-12-31 15:03:37,941 ] 24 root - INFO - >>>>>>>>>>>>>>>>>>>>>>>>>>>>>>>>>>>>>>>> Data Transformation <<<<<<<<<<<<<<<<<<<<<<<<<<<<<<<<<<<<<<<<
[ 2022-12-31 15:03:39,835 ] 75 root - INFO - Before resampling in training set Input: (81423, 170) Target:(81423,)
